2018-03-19 15:12:26,417 INFO  [org.jboss.modules] (main) JBoss Modules version 1.6.1.Final
2018-03-19 15:12:27,308 INFO  [org.jboss.msc] (main) JBoss MSC version 1.2.7.SP1
2018-03-19 15:12:27,777 INFO  [org.jboss.as] (MSC service thread 1-7) WFLYSRV0049: WildFly Full 11.0.0.Final (WildFly Core 3.0.8.Final) starting
2018-03-19 15:12:27,777 DEBUG [org.jboss.as.config] (MSC service thread 1-7) Configured system properties:
	[Server:server-one] = 
	awt.toolkit = sun.awt.windows.WToolkit
	file.encoding = Cp1252
	file.encoding.pkg = sun.io
	file.separator = \
	java.awt.graphicsenv = sun.awt.Win32GraphicsEnvironment
	java.awt.printerjob = sun.awt.windows.WPrinterJob
	java.class.path = C:\wildfly-11.0.0.Final\jboss-modules.jar
	java.class.version = 52.0
	java.endorsed.dirs = C:\Program Files\Java\jre1.8.0_151\lib\endorsed
	java.ext.dirs = C:\Program Files\Java\jre1.8.0_151\lib\ext;C:\WINDOWS\Sun\Java\lib\ext
	java.home = C:\Program Files\Java\jre1.8.0_151
	java.io.tmpdir = C:\Users\DiegO\AppData\Local\Temp\
	java.library.path = C:\Program Files\Java\jre1.8.0_151\bin;C:\WINDOWS\Sun\Java\bin;C:\WINDOWS\system32;C:\WINDOWS;C:\Program Files (x86)\NVIDIA Corporation\PhysX\Common;C:\Program Files (x86)\Common Files\Intel\Shared Files\cpp\bin\Intel64;C:\ProgramData\Oracle\Java\javapath;C:\Program Files (x86)\Borland\Delphi7\Bin;C:\Program Files (x86)\Borland\Delphi7\Projects\Bpl\;C:\WINDOWS\system32;C:\WINDOWS;C:\WINDOWS\System32\Wbem;C:\WINDOWS\System32\WindowsPowerShell\v1.0\;C:\Program Files (x86)\Windows Live\Shared;c:\Program Files (x86)\Microsoft SQL Server\110\Tools\Binn\ManagementStudio\;c:\Program Files (x86)\Microsoft SQL Server\110\Tools\Binn\;c:\Program Files (x86)\Microsoft SQL Server\110\DTS\Binn\;C:\Program Files\Microsoft SQL Server\130\Tools\Binn\;C:\Program Files\dotnet\;C:\Program Files\PuTTY\;C:\Program Files\Git\cmd;C:\opencv\build\x86\vc10\bin;C:\wildfly-11.0.0.Final\bin;C:\Users\DiegO\AppData\Local\Microsoft\WindowsApps;C:\Program Files (x86)\AllWinnertech\PhoenixSuit\;;.
	java.net.preferIPv4Stack = true
	java.runtime.name = Java(TM) SE Runtime Environment
	java.runtime.version = 1.8.0_151-b12
	java.specification.name = Java Platform API Specification
	java.specification.vendor = Oracle Corporation
	java.specification.version = 1.8
	java.util.logging.manager = org.jboss.logmanager.LogManager
	java.vendor = Oracle Corporation
	java.vendor.url = http://java.oracle.com/
	java.vendor.url.bug = http://bugreport.sun.com/bugreport/
	java.version = 1.8.0_151
	java.vm.info = mixed mode
	java.vm.name = Java HotSpot(TM) 64-Bit Server VM
	java.vm.specification.name = Java Virtual Machine Specification
	java.vm.specification.vendor = Oracle Corporation
	java.vm.specification.version = 1.8
	java.vm.vendor = Oracle Corporation
	java.vm.version = 25.151-b12
	javax.management.builder.initial = org.jboss.as.jmx.PluggableMBeanServerBuilder
	javax.xml.datatype.DatatypeFactory = __redirected.__DatatypeFactory
	javax.xml.parsers.DocumentBuilderFactory = __redirected.__DocumentBuilderFactory
	javax.xml.parsers.SAXParserFactory = __redirected.__SAXParserFactory
	javax.xml.stream.XMLEventFactory = __redirected.__XMLEventFactory
	javax.xml.stream.XMLInputFactory = __redirected.__XMLInputFactory
	javax.xml.stream.XMLOutputFactory = __redirected.__XMLOutputFactory
	javax.xml.transform.TransformerFactory = __redirected.__TransformerFactory
	javax.xml.validation.SchemaFactory:http://www.w3.org/2001/XMLSchema = __redirected.__SchemaFactory
	javax.xml.xpath.XPathFactory:http://java.sun.com/jaxp/xpath/dom = __redirected.__XPathFactory
	jboss.domain.base.dir = C:\wildfly-11.0.0.Final\domain
	jboss.domain.config.dir = C:\wildfly-11.0.0.Final\domain\configuration
	jboss.home.dir = C:\wildfly-11.0.0.Final
	jboss.host.name = pc-boot
	jboss.modules.dir = C:\wildfly-11.0.0.Final\modules
	jboss.modules.system.pkgs = org.jboss.byteman
	jboss.node.name = master:server-one
	jboss.qualified.host.name = pc-boot
	jboss.server.base.dir = C:\wildfly-11.0.0.Final\domain\servers\server-one
	jboss.server.config.dir = C:\wildfly-11.0.0.Final\domain\servers\server-one\configuration
	jboss.server.data.dir = C:\wildfly-11.0.0.Final\domain\servers\server-one\data
	jboss.server.deploy.dir = C:\wildfly-11.0.0.Final\domain\servers\server-one\data\content
	jboss.server.log.dir = C:\wildfly-11.0.0.Final\domain\servers\server-one\log
	jboss.server.name = server-one
	jboss.server.persist.config = true
	jboss.server.temp.dir = C:\wildfly-11.0.0.Final\domain\servers\server-one\tmp
	line.separator = 

	logging.configuration = file:/C:/wildfly-11.0.0.Final/domain/configuration/default-server-logging.properties
	module.path = C:\wildfly-11.0.0.Final\modules
	org.jboss.boot.log.file = C:\wildfly-11.0.0.Final\domain\servers\server-one\log\server.log
	org.jboss.resolver.warning = true
	org.xml.sax.driver = __redirected.__XMLReaderFactory
	os.arch = amd64
	os.name = Windows 10
	os.version = 10.0
	path.separator = ;
	sun.arch.data.model = 64
	sun.boot.class.path = C:\Program Files\Java\jre1.8.0_151\lib\resources.jar;C:\Program Files\Java\jre1.8.0_151\lib\rt.jar;C:\Program Files\Java\jre1.8.0_151\lib\sunrsasign.jar;C:\Program Files\Java\jre1.8.0_151\lib\jsse.jar;C:\Program Files\Java\jre1.8.0_151\lib\jce.jar;C:\Program Files\Java\jre1.8.0_151\lib\charsets.jar;C:\Program Files\Java\jre1.8.0_151\lib\jfr.jar;C:\Program Files\Java\jre1.8.0_151\classes
	sun.boot.library.path = C:\Program Files\Java\jre1.8.0_151\bin
	sun.cpu.endian = little
	sun.cpu.isalist = amd64
	sun.desktop = windows
	sun.io.unicode.encoding = UnicodeLittle
	sun.java.command = C:\wildfly-11.0.0.Final\jboss-modules.jar -mp C:\wildfly-11.0.0.Final\modules org.jboss.as.server
	sun.java.launcher = SUN_STANDARD
	sun.jnu.encoding = Cp1252
	sun.management.compiler = HotSpot 64-Bit Tiered Compilers
	sun.os.patch.level = 
	user.country = BR
	user.dir = C:\wildfly-11.0.0.Final
	user.home = C:\Users\DiegO
	user.language = pt
	user.name = DiegO
	user.script = 
	user.timezone = America/Sao_Paulo
	user.variant = 
2018-03-19 15:12:27,777 DEBUG [org.jboss.as.config] (MSC service thread 1-7) VM Arguments: -D[Server:server-one] -Xms64m -Xmx512m -XX:MetaspaceSize=96m -XX:MaxMetaspaceSize=256m -Djava.net.preferIPv4Stack=true -Djboss.home.dir=C:\wildfly-11.0.0.Final -Djboss.modules.system.pkgs=org.jboss.byteman -Djboss.server.log.dir=C:\wildfly-11.0.0.Final\domain\servers\server-one\log -Djboss.server.temp.dir=C:\wildfly-11.0.0.Final\domain\servers\server-one\tmp -Djboss.server.data.dir=C:\wildfly-11.0.0.Final\domain\servers\server-one\data -Dorg.jboss.boot.log.file=C:\wildfly-11.0.0.Final\domain\servers\server-one\log\server.log -Dlogging.configuration=file:/C:/wildfly-11.0.0.Final/domain/configuration/default-server-logging.properties 
2018-03-19 15:12:28,011 INFO  [org.xnio] (MSC service thread 1-2) XNIO version 3.5.4.Final
2018-03-19 15:12:28,027 INFO  [org.xnio.nio] (MSC service thread 1-2) XNIO NIO Implementation Version 3.5.4.Final
2018-03-19 15:12:28,136 INFO  [org.jboss.remoting] (MSC service thread 1-3) JBoss Remoting version 5.0.5.Final
2018-03-19 15:12:29,652 INFO  [org.wildfly.security] (ServerService Thread Pool -- 2) ELY00001: WildFly Elytron version 1.1.6.Final
2018-03-19 15:12:32,281 INFO  [org.jboss.as.controller.management-deprecated] (ServerService Thread Pool -- 5) WFLYCTL0028: Attribute 'security-realm' in the resource at address '/subsystem=undertow/server=default-server/https-listener=https' is deprecated, and may be removed in future version. See the attribute description in the output of the read-resource-description operation to learn more about the deprecation.
2018-03-19 15:12:32,687 WARN  [org.jboss.as.txn] (ServerService Thread Pool -- 38) WFLYTX0013: The node-identifier attribute on the /subsystem=transactions is set to the default value. This is a danger for environments running multiple servers. Please make sure the attribute value is unique.
2018-03-19 15:12:32,718 INFO  [org.jboss.as.security] (ServerService Thread Pool -- 40) WFLYSEC0002: Activating Security Subsystem
2018-03-19 15:12:32,749 INFO  [org.jboss.as.webservices] (ServerService Thread Pool -- 36) WFLYWS0002: Activating WebServices Extension
2018-03-19 15:12:32,765 INFO  [org.jboss.as.naming] (ServerService Thread Pool -- 46) WFLYNAM0001: Activating Naming Subsystem
2018-03-19 15:12:32,734 INFO  [org.jboss.as.security] (MSC service thread 1-1) WFLYSEC0001: Current PicketBox version=5.0.2.Final
2018-03-19 15:12:32,718 INFO  [org.jboss.as.jaxrs] (ServerService Thread Pool -- 55) WFLYRS0016: RESTEasy version 3.0.24.Final
2018-03-19 15:12:32,765 INFO  [org.wildfly.extension.io] (ServerService Thread Pool -- 58) WFLYIO001: Worker 'default' has auto-configured to 8 core threads with 64 task threads based on your 4 available processors
2018-03-19 15:12:32,796 INFO  [org.jboss.as.jsf] (ServerService Thread Pool -- 50) WFLYJSF0007: Activated the following JSF Implementations: [main]
2018-03-19 15:12:32,796 INFO  [org.jboss.as.clustering.infinispan] (ServerService Thread Pool -- 57) WFLYCLINF0001: Activating Infinispan subsystem.
2018-03-19 15:12:32,843 INFO  [org.wildfly.iiop.openjdk] (ServerService Thread Pool -- 56) WFLYIIOP0001: Activating IIOP Subsystem
2018-03-19 15:12:32,906 INFO  [org.wildfly.extension.undertow] (ServerService Thread Pool -- 37) WFLYUT0014: Creating file handler for path 'C:\wildfly-11.0.0.Final/welcome-content' with options [directory-listing: 'false', follow-symlink: 'false', case-sensitive: 'true', safe-symlink-paths: '[]']
2018-03-19 15:12:32,952 INFO  [org.wildfly.extension.undertow] (MSC service thread 1-4) WFLYUT0003: Undertow 1.4.18.Final starting
2018-03-19 15:12:32,968 INFO  [org.jboss.as.connector] (MSC service thread 1-1) WFLYJCA0009: Starting JCA Subsystem (WildFly/IronJacamar 1.4.6.Final)
2018-03-19 15:12:33,265 INFO  [org.jboss.as.connector.subsystems.datasources] (ServerService Thread Pool -- 62) WFLYJCA0004: Deploying JDBC-compliant driver class org.h2.Driver (version 1.4)
2018-03-19 15:12:33,265 INFO  [org.jboss.as.connector.deployers.jdbc] (MSC service thread 1-6) WFLYJCA0018: Started Driver service with driver-name = h2
2018-03-19 15:12:33,296 INFO  [org.jboss.as.naming] (MSC service thread 1-4) WFLYNAM0003: Starting Naming Service
2018-03-19 15:12:33,296 INFO  [org.jboss.as.mail.extension] (MSC service thread 1-1) WFLYMAIL0001: Bound mail session [java:jboss/mail/Default]
2018-03-19 15:12:33,765 INFO  [org.wildfly.extension.undertow] (MSC service thread 1-7) WFLYUT0012: Started server default-server.
2018-03-19 15:12:33,765 INFO  [org.wildfly.extension.undertow] (MSC service thread 1-7) WFLYUT0018: Host default-host starting
2018-03-19 15:12:33,765 INFO  [org.jboss.as.ejb3] (MSC service thread 1-6) WFLYEJB0482: Strict pool mdb-strict-max-pool is using a max instance size of 16 (per class), which is derived from the number of CPUs on this host.
2018-03-19 15:12:33,765 INFO  [org.jboss.as.ejb3] (MSC service thread 1-1) WFLYEJB0481: Strict pool slsb-strict-max-pool is using a max instance size of 64 (per class), which is derived from thread worker pool sizing.
2018-03-19 15:12:34,171 INFO  [org.wildfly.extension.undertow] (MSC service thread 1-2) WFLYUT0006: Undertow HTTP listener default listening on 127.0.0.1:8080
2018-03-19 15:12:34,421 INFO  [org.jboss.as.ejb3] (MSC service thread 1-4) WFLYEJB0493: EJB subsystem suspension complete
2018-03-19 15:12:34,671 INFO  [org.jboss.as.connector.subsystems.datasources] (MSC service thread 1-6) WFLYJCA0001: Bound data source [java:jboss/datasources/ExampleDS]
2018-03-19 15:12:34,984 INFO  [org.jboss.as.patching] (MSC service thread 1-6) WFLYPAT0050: WildFly Full cumulative patch ID is: base, one-off patches include: none
2018-03-19 15:12:35,031 WARN  [org.jboss.as.domain.management.security] (MSC service thread 1-1) WFLYDM0111: Keystore C:\wildfly-11.0.0.Final\domain\configuration\application.keystore not found, it will be auto generated on first use with a self signed certificate for host localhost
2018-03-19 15:12:35,281 INFO  [org.wildfly.extension.messaging-activemq] (MSC service thread 1-3) WFLYMSGAMQ0001: AIO wasn't located on this platform, it will fall back to using pure Java NIO.
2018-03-19 15:12:35,312 INFO  [org.wildfly.extension.undertow] (MSC service thread 1-1) WFLYUT0006: Undertow HTTPS listener https listening on 127.0.0.1:8443
2018-03-19 15:12:35,874 INFO  [org.wildfly.iiop.openjdk] (MSC service thread 1-8) WFLYIIOP0009: CORBA ORB Service started
2018-03-19 15:12:36,031 INFO  [org.jboss.ws.common.management] (MSC service thread 1-1) JBWS022052: Starting JBossWS 5.1.9.Final (Apache CXF 3.1.12) 
2018-03-19 15:12:37,343 INFO  [org.apache.activemq.artemis.core.server] (ServerService Thread Pool -- 66) AMQ221000: live Message Broker is starting with configuration Broker Configuration (clustered=false,journalDirectory=C:\wildfly-11.0.0.Final\domain\servers\server-one\data\activemq\journal,bindingsDirectory=C:\wildfly-11.0.0.Final\domain\servers\server-one\data\activemq\bindings,largeMessagesDirectory=C:\wildfly-11.0.0.Final\domain\servers\server-one\data\activemq\largemessages,pagingDirectory=C:\wildfly-11.0.0.Final\domain\servers\server-one\data\activemq\paging)
2018-03-19 15:12:38,374 INFO  [org.apache.activemq.artemis.core.server] (ServerService Thread Pool -- 66) AMQ221013: Using NIO Journal
2018-03-19 15:12:43,480 INFO  [org.apache.activemq.artemis.core.server] (ServerService Thread Pool -- 66) AMQ221043: Protocol module found: [artemis-server]. Adding protocol support for: CORE
2018-03-19 15:12:45,141 INFO  [org.apache.activemq.artemis.core.server] (ServerService Thread Pool -- 66) AMQ221043: Protocol module found: [artemis-amqp-protocol]. Adding protocol support for: AMQP
2018-03-19 15:12:45,216 INFO  [org.apache.activemq.artemis.core.server] (ServerService Thread Pool -- 66) AMQ221043: Protocol module found: [artemis-hornetq-protocol]. Adding protocol support for: HORNETQ
2018-03-19 15:12:45,290 INFO  [org.apache.activemq.artemis.core.server] (ServerService Thread Pool -- 66) AMQ221043: Protocol module found: [artemis-stomp-protocol]. Adding protocol support for: STOMP
2018-03-19 15:12:50,965 INFO  [org.wildfly.extension.messaging-activemq] (MSC service thread 1-3) WFLYMSGAMQ0016: Registered HTTP upgrade for activemq-remoting protocol handled by http-acceptor-throughput acceptor
2018-03-19 15:12:50,965 INFO  [org.wildfly.extension.messaging-activemq] (MSC service thread 1-2) WFLYMSGAMQ0016: Registered HTTP upgrade for activemq-remoting protocol handled by http-acceptor acceptor
2018-03-19 15:12:50,965 INFO  [org.wildfly.extension.messaging-activemq] (MSC service thread 1-5) WFLYMSGAMQ0016: Registered HTTP upgrade for activemq-remoting protocol handled by http-acceptor-throughput acceptor
2018-03-19 15:12:50,965 INFO  [org.wildfly.extension.messaging-activemq] (MSC service thread 1-6) WFLYMSGAMQ0016: Registered HTTP upgrade for activemq-remoting protocol handled by http-acceptor acceptor
2018-03-19 15:12:54,543 INFO  [org.apache.activemq.artemis.core.server] (ServerService Thread Pool -- 66) AMQ221007: Server is now live
2018-03-19 15:12:54,543 INFO  [org.apache.activemq.artemis.core.server] (ServerService Thread Pool -- 66) AMQ221001: Apache ActiveMQ Artemis Message Broker version 1.5.5.jbossorg-008 [default, nodeID=1a921417-2ba1-11e8-b618-a4db30b40db3] 
2018-03-19 15:12:54,747 INFO  [org.wildfly.extension.messaging-activemq] (ServerService Thread Pool -- 66) WFLYMSGAMQ0002: Bound messaging object to jndi name java:jboss/exported/jms/RemoteConnectionFactory
2018-03-19 15:12:55,075 INFO  [org.apache.activemq.artemis.core.server] (ServerService Thread Pool -- 71) AMQ221003: Deploying queue jms.queue.ExpiryQueue
2018-03-19 15:12:55,293 INFO  [org.apache.activemq.artemis.core.server] (ServerService Thread Pool -- 70) AMQ221003: Deploying queue jms.queue.DLQ
2018-03-19 15:12:55,356 INFO  [org.wildfly.extension.messaging-activemq] (ServerService Thread Pool -- 69) WFLYMSGAMQ0002: Bound messaging object to jndi name java:/ConnectionFactory
2018-03-19 15:12:55,559 INFO  [org.jboss.as.connector.deployment] (MSC service thread 1-5) WFLYJCA0007: Registered connection factory java:/JmsXA
2018-03-19 15:12:55,918 INFO  [org.apache.activemq.artemis.ra] (MSC service thread 1-5) Resource adaptor started
2018-03-19 15:12:55,918 INFO  [org.jboss.as.connector.services.resourceadapters.ResourceAdapterActivatorService$ResourceAdapterActivator] (MSC service thread 1-5) IJ020002: Deployed: file://RaActivatoractivemq-ra
2018-03-19 15:12:55,918 INFO  [org.jboss.as.connector.deployment] (MSC service thread 1-5) WFLYJCA0002: Bound JCA ConnectionFactory [java:/JmsXA]
2018-03-19 15:12:55,918 INFO  [org.wildfly.extension.messaging-activemq] (MSC service thread 1-6) WFLYMSGAMQ0002: Bound messaging object to jndi name java:jboss/DefaultJMSConnectionFactory
2018-03-19 15:12:56,450 INFO  [org.jboss.as.server] (Controller Boot Thread) WFLYSRV0212: Resuming server
2018-03-19 15:12:56,450 INFO  [org.jboss.as] (Controller Boot Thread) WFLYSRV0025: WildFly Full 11.0.0.Final (WildFly Core 3.0.8.Final) started in 31095ms - Started 314 of 579 services (360 services are lazy, passive or on-demand)
2018-03-19 15:54:03,365 INFO  [org.jboss.as.server] (main) WFLYSRV0240: ProcessController has signalled to shut down; shutting down
2018-03-19 15:54:03,650 INFO  [org.jboss.as.connector.subsystems.datasources] (MSC service thread 1-5) WFLYJCA0010: Unbound data source [java:jboss/datasources/ExampleDS]
2018-03-19 15:54:03,779 INFO  [org.wildfly.extension.messaging-activemq] (MSC service thread 1-5) WFLYMSGAMQ0006: Unbound messaging object to jndi name java:jboss/DefaultJMSConnectionFactory
2018-03-19 15:54:03,816 INFO  [org.jboss.as.connector.deployment] (MSC service thread 1-4) WFLYJCA0011: Unbound JCA ConnectionFactory [java:/JmsXA]
2018-03-19 15:54:03,818 INFO  [org.wildfly.extension.messaging-activemq] (ServerService Thread Pool -- 23) WFLYMSGAMQ0006: Unbound messaging object to jndi name java:/ConnectionFactory
2018-03-19 15:54:03,884 INFO  [org.wildfly.extension.undertow] (MSC service thread 1-2) WFLYUT0008: Undertow HTTPS listener https suspending
2018-03-19 15:54:03,884 INFO  [org.wildfly.extension.undertow] (MSC service thread 1-5) WFLYUT0019: Host default-host stopping
2018-03-19 15:54:03,887 INFO  [org.wildfly.extension.undertow] (MSC service thread 1-2) WFLYUT0007: Undertow HTTPS listener https stopped, was bound to 127.0.0.1:8443
2018-03-19 15:54:03,897 INFO  [org.jboss.as.connector.deployers.jdbc] (MSC service thread 1-4) WFLYJCA0019: Stopped Driver service with driver-name = h2
2018-03-19 15:54:04,158 INFO  [org.apache.activemq.artemis.ra] (ServerService Thread Pool -- 23) AMQ151003: resource adaptor stopped
2018-03-19 15:54:04,579 INFO  [org.apache.activemq.artemis.core.server] (ServerService Thread Pool -- 23) AMQ221002: Apache ActiveMQ Artemis Message Broker version 1.5.5.jbossorg-008 [1a921417-2ba1-11e8-b618-a4db30b40db3] stopped, uptime 41 minutes
2018-03-19 15:54:04,585 INFO  [org.wildfly.extension.undertow] (MSC service thread 1-6) WFLYUT0008: Undertow HTTP listener default suspending
2018-03-19 15:54:04,586 INFO  [org.wildfly.extension.undertow] (MSC service thread 1-6) WFLYUT0007: Undertow HTTP listener default stopped, was bound to 127.0.0.1:8080
2018-03-19 15:54:04,587 INFO  [org.wildfly.extension.undertow] (MSC service thread 1-6) WFLYUT0004: Undertow 1.4.18.Final stopping
2018-03-19 15:54:04,706 INFO  [org.jboss.as] (MSC service thread 1-1) WFLYSRV0050: WildFly Full 11.0.0.Final (WildFly Core 3.0.8.Final) stopped in 1214ms
2018-03-19 16:35:30,477 INFO  [org.jboss.modules] (main) JBoss Modules version 1.6.1.Final
2018-03-19 16:35:30,930 INFO  [org.jboss.msc] (main) JBoss MSC version 1.2.7.SP1
2018-03-19 16:35:31,086 INFO  [org.jboss.as] (MSC service thread 1-8) WFLYSRV0049: WildFly Full 11.0.0.Final (WildFly Core 3.0.8.Final) starting
2018-03-19 16:35:31,086 DEBUG [org.jboss.as.config] (MSC service thread 1-8) Configured system properties:
	[Server:server-one] = 
	awt.toolkit = sun.awt.windows.WToolkit
	file.encoding = Cp1252
	file.encoding.pkg = sun.io
	file.separator = \
	java.awt.graphicsenv = sun.awt.Win32GraphicsEnvironment
	java.awt.printerjob = sun.awt.windows.WPrinterJob
	java.class.path = C:\wildfly-11.0.0.Final\jboss-modules.jar
	java.class.version = 52.0
	java.endorsed.dirs = C:\Program Files\Java\jre1.8.0_151\lib\endorsed
	java.ext.dirs = C:\Program Files\Java\jre1.8.0_151\lib\ext;C:\WINDOWS\Sun\Java\lib\ext
	java.home = C:\Program Files\Java\jre1.8.0_151
	java.io.tmpdir = C:\Users\DiegO\AppData\Local\Temp\
	java.library.path = C:\Program Files\Java\jre1.8.0_151\bin;C:\WINDOWS\Sun\Java\bin;C:\WINDOWS\system32;C:\WINDOWS;C:\Program Files (x86)\NVIDIA Corporation\PhysX\Common;C:\Program Files (x86)\Common Files\Intel\Shared Files\cpp\bin\Intel64;C:\ProgramData\Oracle\Java\javapath;C:\Program Files (x86)\Borland\Delphi7\Bin;C:\Program Files (x86)\Borland\Delphi7\Projects\Bpl\;C:\WINDOWS\system32;C:\WINDOWS;C:\WINDOWS\System32\Wbem;C:\WINDOWS\System32\WindowsPowerShell\v1.0\;C:\Program Files (x86)\Windows Live\Shared;c:\Program Files (x86)\Microsoft SQL Server\110\Tools\Binn\ManagementStudio\;c:\Program Files (x86)\Microsoft SQL Server\110\Tools\Binn\;c:\Program Files (x86)\Microsoft SQL Server\110\DTS\Binn\;C:\Program Files\Microsoft SQL Server\130\Tools\Binn\;C:\Program Files\dotnet\;C:\Program Files\PuTTY\;C:\Program Files\Git\cmd;C:\opencv\build\x86\vc10\bin;C:\wildfly-11.0.0.Final\bin;C:\Users\DiegO\AppData\Local\Microsoft\WindowsApps;C:\Program Files (x86)\AllWinnertech\PhoenixSuit\;.
	java.net.preferIPv4Stack = true
	java.runtime.name = Java(TM) SE Runtime Environment
	java.runtime.version = 1.8.0_151-b12
	java.specification.name = Java Platform API Specification
	java.specification.vendor = Oracle Corporation
	java.specification.version = 1.8
	java.util.logging.manager = org.jboss.logmanager.LogManager
	java.vendor = Oracle Corporation
	java.vendor.url = http://java.oracle.com/
	java.vendor.url.bug = http://bugreport.sun.com/bugreport/
	java.version = 1.8.0_151
	java.vm.info = mixed mode
	java.vm.name = Java HotSpot(TM) 64-Bit Server VM
	java.vm.specification.name = Java Virtual Machine Specification
	java.vm.specification.vendor = Oracle Corporation
	java.vm.specification.version = 1.8
	java.vm.vendor = Oracle Corporation
	java.vm.version = 25.151-b12
	javax.management.builder.initial = org.jboss.as.jmx.PluggableMBeanServerBuilder
	javax.xml.datatype.DatatypeFactory = __redirected.__DatatypeFactory
	javax.xml.parsers.DocumentBuilderFactory = __redirected.__DocumentBuilderFactory
	javax.xml.parsers.SAXParserFactory = __redirected.__SAXParserFactory
	javax.xml.stream.XMLEventFactory = __redirected.__XMLEventFactory
	javax.xml.stream.XMLInputFactory = __redirected.__XMLInputFactory
	javax.xml.stream.XMLOutputFactory = __redirected.__XMLOutputFactory
	javax.xml.transform.TransformerFactory = __redirected.__TransformerFactory
	javax.xml.validation.SchemaFactory:http://www.w3.org/2001/XMLSchema = __redirected.__SchemaFactory
	javax.xml.xpath.XPathFactory:http://java.sun.com/jaxp/xpath/dom = __redirected.__XPathFactory
	jboss.domain.base.dir = C:\wildfly-11.0.0.Final\domain
	jboss.domain.config.dir = C:\wildfly-11.0.0.Final\domain\configuration
	jboss.home.dir = C:\wildfly-11.0.0.Final
	jboss.host.name = pc-boot
	jboss.modules.dir = C:\wildfly-11.0.0.Final\modules
	jboss.modules.system.pkgs = org.jboss.byteman
	jboss.node.name = master:server-one
	jboss.qualified.host.name = pc-boot
	jboss.server.base.dir = C:\wildfly-11.0.0.Final\domain\servers\server-one
	jboss.server.config.dir = C:\wildfly-11.0.0.Final\domain\servers\server-one\configuration
	jboss.server.data.dir = C:\wildfly-11.0.0.Final\domain\servers\server-one\data
	jboss.server.deploy.dir = C:\wildfly-11.0.0.Final\domain\servers\server-one\data\content
	jboss.server.log.dir = C:\wildfly-11.0.0.Final\domain\servers\server-one\log
	jboss.server.name = server-one
	jboss.server.persist.config = true
	jboss.server.temp.dir = C:\wildfly-11.0.0.Final\domain\servers\server-one\tmp
	line.separator = 

	logging.configuration = file:/C:/wildfly-11.0.0.Final/domain/servers/server-one/data/logging.properties
	module.path = C:\wildfly-11.0.0.Final\modules
	org.jboss.resolver.warning = true
	org.xml.sax.driver = __redirected.__XMLReaderFactory
	os.arch = amd64
	os.name = Windows 10
	os.version = 10.0
	path.separator = ;
	sun.arch.data.model = 64
	sun.boot.class.path = C:\Program Files\Java\jre1.8.0_151\lib\resources.jar;C:\Program Files\Java\jre1.8.0_151\lib\rt.jar;C:\Program Files\Java\jre1.8.0_151\lib\sunrsasign.jar;C:\Program Files\Java\jre1.8.0_151\lib\jsse.jar;C:\Program Files\Java\jre1.8.0_151\lib\jce.jar;C:\Program Files\Java\jre1.8.0_151\lib\charsets.jar;C:\Program Files\Java\jre1.8.0_151\lib\jfr.jar;C:\Program Files\Java\jre1.8.0_151\classes
	sun.boot.library.path = C:\Program Files\Java\jre1.8.0_151\bin
	sun.cpu.endian = little
	sun.cpu.isalist = amd64
	sun.desktop = windows
	sun.io.unicode.encoding = UnicodeLittle
	sun.java.command = C:\wildfly-11.0.0.Final\jboss-modules.jar -mp C:\wildfly-11.0.0.Final\modules org.jboss.as.server
	sun.java.launcher = SUN_STANDARD
	sun.jnu.encoding = Cp1252
	sun.management.compiler = HotSpot 64-Bit Tiered Compilers
	sun.os.patch.level = 
	user.country = BR
	user.dir = C:\wildfly-11.0.0.Final
	user.home = C:\Users\DiegO
	user.language = pt
	user.name = DiegO
	user.script = 
	user.timezone = America/Sao_Paulo
	user.variant = 
2018-03-19 16:35:31,086 DEBUG [org.jboss.as.config] (MSC service thread 1-8) VM Arguments: -D[Server:server-one] -Xms64m -Xmx512m -XX:MetaspaceSize=96m -XX:MaxMetaspaceSize=256m -Djava.net.preferIPv4Stack=true -Djboss.home.dir=C:\wildfly-11.0.0.Final -Djboss.modules.system.pkgs=org.jboss.byteman -Djboss.server.log.dir=C:\wildfly-11.0.0.Final\domain\servers\server-one\log -Djboss.server.temp.dir=C:\wildfly-11.0.0.Final\domain\servers\server-one\tmp -Djboss.server.data.dir=C:\wildfly-11.0.0.Final\domain\servers\server-one\data -Dlogging.configuration=file:/C:/wildfly-11.0.0.Final/domain/servers/server-one/data/logging.properties 
2018-03-19 16:35:31,195 INFO  [org.xnio] (MSC service thread 1-8) XNIO version 3.5.4.Final
2018-03-19 16:35:31,211 INFO  [org.xnio.nio] (MSC service thread 1-8) XNIO NIO Implementation Version 3.5.4.Final
2018-03-19 16:35:31,367 INFO  [org.jboss.remoting] (MSC service thread 1-1) JBoss Remoting version 5.0.5.Final
2018-03-19 16:35:32,117 INFO  [org.wildfly.security] (ServerService Thread Pool -- 2) ELY00001: WildFly Elytron version 1.1.6.Final
2018-03-19 16:35:34,162 INFO  [org.jboss.as.controller.management-deprecated] (ServerService Thread Pool -- 4) WFLYCTL0028: Attribute 'security-realm' in the resource at address '/subsystem=undertow/server=default-server/https-listener=https' is deprecated, and may be removed in future version. See the attribute description in the output of the read-resource-description operation to learn more about the deprecation.
2018-03-19 16:35:34,412 INFO  [org.jboss.as.jaxrs] (ServerService Thread Pool -- 55) WFLYRS0016: RESTEasy version 3.0.24.Final
2018-03-19 16:35:34,412 INFO  [org.jboss.as.naming] (ServerService Thread Pool -- 46) WFLYNAM0001: Activating Naming Subsystem
2018-03-19 16:35:34,428 WARN  [org.jboss.as.txn] (ServerService Thread Pool -- 38) WFLYTX0013: The node-identifier attribute on the /subsystem=transactions is set to the default value. This is a danger for environments running multiple servers. Please make sure the attribute value is unique.
2018-03-19 16:35:34,444 INFO  [org.jboss.as.clustering.infinispan] (ServerService Thread Pool -- 57) WFLYCLINF0001: Activating Infinispan subsystem.
2018-03-19 16:35:34,428 INFO  [org.jboss.as.jsf] (ServerService Thread Pool -- 50) WFLYJSF0007: Activated the following JSF Implementations: [main]
2018-03-19 16:35:34,459 INFO  [org.wildfly.iiop.openjdk] (ServerService Thread Pool -- 56) WFLYIIOP0001: Activating IIOP Subsystem
2018-03-19 16:35:34,475 INFO  [org.jboss.as.security] (ServerService Thread Pool -- 40) WFLYSEC0002: Activating Security Subsystem
2018-03-19 16:35:34,475 INFO  [org.jboss.as.security] (MSC service thread 1-4) WFLYSEC0001: Current PicketBox version=5.0.2.Final
2018-03-19 16:35:34,475 INFO  [org.jboss.as.connector] (MSC service thread 1-3) WFLYJCA0009: Starting JCA Subsystem (WildFly/IronJacamar 1.4.6.Final)
2018-03-19 16:35:34,475 INFO  [org.wildfly.extension.io] (ServerService Thread Pool -- 58) WFLYIO001: Worker 'default' has auto-configured to 8 core threads with 64 task threads based on your 4 available processors
2018-03-19 16:35:34,522 INFO  [org.jboss.as.webservices] (ServerService Thread Pool -- 36) WFLYWS0002: Activating WebServices Extension
2018-03-19 16:35:34,631 INFO  [org.wildfly.extension.undertow] (ServerService Thread Pool -- 37) WFLYUT0014: Creating file handler for path 'C:\wildfly-11.0.0.Final/welcome-content' with options [directory-listing: 'false', follow-symlink: 'false', case-sensitive: 'true', safe-symlink-paths: '[]']
2018-03-19 16:35:34,647 INFO  [org.wildfly.extension.undertow] (MSC service thread 1-2) WFLYUT0003: Undertow 1.4.18.Final starting
2018-03-19 16:35:34,662 INFO  [org.jboss.as.connector.subsystems.datasources] (ServerService Thread Pool -- 62) WFLYJCA0004: Deploying JDBC-compliant driver class org.h2.Driver (version 1.4)
2018-03-19 16:35:34,662 INFO  [org.jboss.as.connector.deployers.jdbc] (MSC service thread 1-6) WFLYJCA0018: Started Driver service with driver-name = h2
2018-03-19 16:35:34,741 INFO  [org.jboss.as.naming] (MSC service thread 1-6) WFLYNAM0003: Starting Naming Service
2018-03-19 16:35:34,787 INFO  [org.jboss.as.mail.extension] (MSC service thread 1-5) WFLYMAIL0001: Bound mail session [java:jboss/mail/Default]
2018-03-19 16:35:34,881 INFO  [org.jboss.as.ejb3] (MSC service thread 1-8) WFLYEJB0482: Strict pool mdb-strict-max-pool is using a max instance size of 16 (per class), which is derived from the number of CPUs on this host.
2018-03-19 16:35:34,881 INFO  [org.jboss.as.ejb3] (MSC service thread 1-7) WFLYEJB0481: Strict pool slsb-strict-max-pool is using a max instance size of 64 (per class), which is derived from thread worker pool sizing.
2018-03-19 16:35:35,303 INFO  [org.wildfly.extension.undertow] (MSC service thread 1-7) WFLYUT0012: Started server default-server.
2018-03-19 16:35:35,303 INFO  [org.wildfly.extension.undertow] (MSC service thread 1-7) WFLYUT0018: Host default-host starting
2018-03-19 16:35:35,694 INFO  [org.wildfly.extension.undertow] (MSC service thread 1-3) WFLYUT0006: Undertow HTTP listener default listening on 127.0.0.1:8080
2018-03-19 16:35:35,694 INFO  [org.jboss.as.patching] (MSC service thread 1-2) WFLYPAT0050: WildFly Full cumulative patch ID is: base, one-off patches include: none
2018-03-19 16:35:35,741 WARN  [org.jboss.as.domain.management.security] (MSC service thread 1-1) WFLYDM0111: Keystore C:\wildfly-11.0.0.Final\domain\configuration\application.keystore not found, it will be auto generated on first use with a self signed certificate for host localhost
2018-03-19 16:35:35,803 INFO  [org.wildfly.extension.undertow] (MSC service thread 1-5) WFLYUT0006: Undertow HTTPS listener https listening on 127.0.0.1:8443
2018-03-19 16:35:35,897 INFO  [org.wildfly.extension.messaging-activemq] (MSC service thread 1-3) WFLYMSGAMQ0001: AIO wasn't located on this platform, it will fall back to using pure Java NIO.
2018-03-19 16:35:35,897 INFO  [org.jboss.as.ejb3] (MSC service thread 1-7) WFLYEJB0493: EJB subsystem suspension complete
2018-03-19 16:35:36,006 INFO  [org.jboss.ws.common.management] (MSC service thread 1-2) JBWS022052: Starting JBossWS 5.1.9.Final (Apache CXF 3.1.12) 
2018-03-19 16:35:36,069 INFO  [org.jboss.as.connector.subsystems.datasources] (MSC service thread 1-1) WFLYJCA0001: Bound data source [java:jboss/datasources/ExampleDS]
2018-03-19 16:35:36,209 INFO  [org.apache.activemq.artemis.core.server] (ServerService Thread Pool -- 66) AMQ221000: live Message Broker is starting with configuration Broker Configuration (clustered=false,journalDirectory=C:\wildfly-11.0.0.Final\domain\servers\server-one\data\activemq\journal,bindingsDirectory=C:\wildfly-11.0.0.Final\domain\servers\server-one\data\activemq\bindings,largeMessagesDirectory=C:\wildfly-11.0.0.Final\domain\servers\server-one\data\activemq\largemessages,pagingDirectory=C:\wildfly-11.0.0.Final\domain\servers\server-one\data\activemq\paging)
2018-03-19 16:35:36,350 INFO  [org.apache.activemq.artemis.core.server] (ServerService Thread Pool -- 66) AMQ221013: Using NIO Journal
2018-03-19 16:35:36,459 INFO  [org.wildfly.iiop.openjdk] (MSC service thread 1-8) WFLYIIOP0009: CORBA ORB Service started
2018-03-19 16:35:36,647 INFO  [org.apache.activemq.artemis.core.server] (ServerService Thread Pool -- 66) AMQ221043: Protocol module found: [artemis-server]. Adding protocol support for: CORE
2018-03-19 16:35:36,959 INFO  [org.apache.activemq.artemis.core.server] (ServerService Thread Pool -- 66) AMQ221043: Protocol module found: [artemis-amqp-protocol]. Adding protocol support for: AMQP
2018-03-19 16:35:36,975 INFO  [org.apache.activemq.artemis.core.server] (ServerService Thread Pool -- 66) AMQ221043: Protocol module found: [artemis-hornetq-protocol]. Adding protocol support for: HORNETQ
2018-03-19 16:35:36,991 INFO  [org.apache.activemq.artemis.core.server] (ServerService Thread Pool -- 66) AMQ221043: Protocol module found: [artemis-stomp-protocol]. Adding protocol support for: STOMP
2018-03-19 16:35:40,772 INFO  [org.wildfly.extension.messaging-activemq] (MSC service thread 1-1) WFLYMSGAMQ0016: Registered HTTP upgrade for activemq-remoting protocol handled by http-acceptor-throughput acceptor
2018-03-19 16:35:40,772 INFO  [org.wildfly.extension.messaging-activemq] (MSC service thread 1-4) WFLYMSGAMQ0016: Registered HTTP upgrade for activemq-remoting protocol handled by http-acceptor acceptor
2018-03-19 16:35:40,772 INFO  [org.wildfly.extension.messaging-activemq] (MSC service thread 1-8) WFLYMSGAMQ0016: Registered HTTP upgrade for activemq-remoting protocol handled by http-acceptor acceptor
2018-03-19 16:35:40,772 INFO  [org.wildfly.extension.messaging-activemq] (MSC service thread 1-1) WFLYMSGAMQ0016: Registered HTTP upgrade for activemq-remoting protocol handled by http-acceptor-throughput acceptor
2018-03-19 16:35:43,084 INFO  [org.apache.activemq.artemis.core.server] (ServerService Thread Pool -- 66) AMQ221007: Server is now live
2018-03-19 16:35:43,084 INFO  [org.apache.activemq.artemis.core.server] (ServerService Thread Pool -- 66) AMQ221001: Apache ActiveMQ Artemis Message Broker version 1.5.5.jbossorg-008 [default, nodeID=1a921417-2ba1-11e8-b618-a4db30b40db3] 
2018-03-19 16:35:43,194 INFO  [org.wildfly.extension.messaging-activemq] (ServerService Thread Pool -- 66) WFLYMSGAMQ0002: Bound messaging object to jndi name java:/ConnectionFactory
2018-03-19 16:35:43,397 INFO  [org.apache.activemq.artemis.core.server] (ServerService Thread Pool -- 70) AMQ221003: Deploying queue jms.queue.DLQ
2018-03-19 16:35:43,475 INFO  [org.wildfly.extension.messaging-activemq] (ServerService Thread Pool -- 69) WFLYMSGAMQ0002: Bound messaging object to jndi name java:jboss/exported/jms/RemoteConnectionFactory
2018-03-19 16:35:43,475 INFO  [org.apache.activemq.artemis.core.server] (ServerService Thread Pool -- 68) AMQ221003: Deploying queue jms.queue.ExpiryQueue
2018-03-19 16:35:43,694 INFO  [org.jboss.as.connector.deployment] (MSC service thread 1-7) WFLYJCA0007: Registered connection factory java:/JmsXA
2018-03-19 16:35:43,912 INFO  [org.apache.activemq.artemis.ra] (MSC service thread 1-7) Resource adaptor started
2018-03-19 16:35:43,912 INFO  [org.jboss.as.connector.services.resourceadapters.ResourceAdapterActivatorService$ResourceAdapterActivator] (MSC service thread 1-7) IJ020002: Deployed: file://RaActivatoractivemq-ra
2018-03-19 16:35:43,912 INFO  [org.jboss.as.connector.deployment] (MSC service thread 1-5) WFLYJCA0002: Bound JCA ConnectionFactory [java:/JmsXA]
2018-03-19 16:35:43,912 INFO  [org.wildfly.extension.messaging-activemq] (MSC service thread 1-8) WFLYMSGAMQ0002: Bound messaging object to jndi name java:jboss/DefaultJMSConnectionFactory
2018-03-19 16:35:44,225 INFO  [org.jboss.as.server] (Controller Boot Thread) WFLYSRV0212: Resuming server
2018-03-19 16:35:44,241 INFO  [org.jboss.as] (Controller Boot Thread) WFLYSRV0025: WildFly Full 11.0.0.Final (WildFly Core 3.0.8.Final) started in 14436ms - Started 314 of 579 services (360 services are lazy, passive or on-demand)
2018-03-19 16:42:46,624 INFO  [org.jboss.as.server] (main) WFLYSRV0240: ProcessController has signalled to shut down; shutting down
2018-03-19 16:42:46,640 INFO  [org.wildfly.extension.messaging-activemq] (MSC service thread 1-6) WFLYMSGAMQ0006: Unbound messaging object to jndi name java:jboss/DefaultJMSConnectionFactory
2018-03-19 16:42:46,640 INFO  [org.jboss.as.connector.subsystems.datasources] (MSC service thread 1-1) WFLYJCA0010: Unbound data source [java:jboss/datasources/ExampleDS]
2018-03-19 16:42:47,015 INFO  [org.jboss.as.connector.deployment] (MSC service thread 1-6) WFLYJCA0011: Unbound JCA ConnectionFactory [java:/JmsXA]
2018-03-19 16:42:47,046 INFO  [org.wildfly.extension.undertow] (MSC service thread 1-6) WFLYUT0019: Host default-host stopping
2018-03-19 16:42:47,046 INFO  [org.wildfly.extension.messaging-activemq] (ServerService Thread Pool -- 26) WFLYMSGAMQ0006: Unbound messaging object to jndi name java:/ConnectionFactory
2018-03-19 16:42:47,062 INFO  [org.wildfly.extension.undertow] (MSC service thread 1-8) WFLYUT0008: Undertow HTTPS listener https suspending
2018-03-19 16:42:47,062 INFO  [org.wildfly.extension.undertow] (MSC service thread 1-8) WFLYUT0007: Undertow HTTPS listener https stopped, was bound to 127.0.0.1:8443
2018-03-19 16:42:47,062 INFO  [org.jboss.as.connector.deployers.jdbc] (MSC service thread 1-5) WFLYJCA0019: Stopped Driver service with driver-name = h2
2018-03-19 16:42:47,109 INFO  [org.apache.activemq.artemis.ra] (ServerService Thread Pool -- 72) AMQ151003: resource adaptor stopped
2018-03-19 16:42:47,249 INFO  [org.apache.activemq.artemis.core.server] (ServerService Thread Pool -- 72) AMQ221002: Apache ActiveMQ Artemis Message Broker version 1.5.5.jbossorg-008 [1a921417-2ba1-11e8-b618-a4db30b40db3] stopped, uptime 7 minutes
2018-03-19 16:42:47,249 INFO  [org.wildfly.extension.undertow] (MSC service thread 1-1) WFLYUT0008: Undertow HTTP listener default suspending
2018-03-19 16:42:47,249 INFO  [org.wildfly.extension.undertow] (MSC service thread 1-1) WFLYUT0007: Undertow HTTP listener default stopped, was bound to 127.0.0.1:8080
2018-03-19 16:42:47,249 INFO  [org.wildfly.extension.undertow] (MSC service thread 1-5) WFLYUT0004: Undertow 1.4.18.Final stopping
2018-03-19 16:42:47,281 INFO  [org.jboss.as] (MSC service thread 1-2) WFLYSRV0050: WildFly Full 11.0.0.Final (WildFly Core 3.0.8.Final) stopped in 269ms
