2018-06-29 10:58:14,519 INFO  [org.jboss.modules] (main) JBoss Modules version 1.6.1.Final
2018-06-29 10:58:21,066 INFO  [org.jboss.msc] (main) JBoss MSC version 1.2.7.SP1
2018-06-29 10:58:21,665 INFO  [org.jboss.as] (MSC service thread 1-7) WFLYSRV0049: WildFly Full 11.0.0.Final (WildFly Core 3.0.8.Final) starting
2018-06-29 10:58:21,668 DEBUG [org.jboss.as.config] (MSC service thread 1-7) Configured system properties:
	awt.toolkit = sun.awt.windows.WToolkit
	file.encoding = Cp1252
	file.encoding.pkg = sun.io
	file.separator = \
	java.awt.graphicsenv = sun.awt.Win32GraphicsEnvironment
	java.awt.headless = true
	java.awt.printerjob = sun.awt.windows.WPrinterJob
	java.class.path = C:\wildfly-11.0.0.Final\jboss-modules.jar
	java.class.version = 52.0
	java.endorsed.dirs = C:\Program Files\Java\jre1.8.0_151\lib\endorsed
	java.ext.dirs = C:\Program Files\Java\jre1.8.0_151\lib\ext;C:\WINDOWS\Sun\Java\lib\ext
	java.home = C:\Program Files\Java\jre1.8.0_151
	java.io.tmpdir = C:\Users\DiegO\AppData\Local\Temp\
	java.library.path = C:\Program Files\Java\jre1.8.0_151\bin;C:\WINDOWS\Sun\Java\bin;C:\WINDOWS\system32;C:\WINDOWS;native;C:/Program Files/Java/jre1.8.0_151/bin/server;C:/Program Files/Java/jre1.8.0_151/bin;C:/Program Files/Java/jre1.8.0_151/lib/amd64;C:\Program Files (x86)\NVIDIA Corporation\PhysX\Common;C:\Program Files (x86)\Common Files\Intel\Shared Files\cpp\bin\Intel64;C:\ProgramData\Oracle\Java\javapath;C:\Program Files (x86)\Borland\Delphi7\Bin;C:\Program Files (x86)\Borland\Delphi7\Projects\Bpl\;C:\WINDOWS\system32;C:\WINDOWS;C:\WINDOWS\System32\Wbem;C:\WINDOWS\System32\WindowsPowerShell\v1.0\;C:\Program Files (x86)\Windows Live\Shared;c:\Program Files (x86)\Microsoft SQL Server\110\Tools\Binn\ManagementStudio\;c:\Program Files (x86)\Microsoft SQL Server\110\Tools\Binn\;c:\Program Files (x86)\Microsoft SQL Server\110\DTS\Binn\;C:\Program Files\Microsoft SQL Server\130\Tools\Binn\;C:\Program Files\dotnet\;C:\Program Files\PuTTY\;C:\opencv\build\x86\vc10\bin;C:\wildfly-11.0.0.Final\bin;C:\WINDOWS\System32\OpenSSH\;C:\Program Files\Git\cmd;C:\Users\DiegO\AppData\Local\Microsoft\WindowsApps;C:\Program Files (x86)\AllWinnertech\PhoenixSuit\;C:\Users\DiegO\AppData\Local\GitHubDesktop\bin;C:\Program Files\Heroku\bin;C:\eclipse;;.
	java.net.preferIPv4Stack = true
	java.runtime.name = Java(TM) SE Runtime Environment
	java.runtime.version = 1.8.0_151-b12
	java.specification.name = Java Platform API Specification
	java.specification.vendor = Oracle Corporation
	java.specification.version = 1.8
	java.util.logging.manager = org.jboss.logmanager.LogManager
	java.vendor = Oracle Corporation
	java.vendor.url = http://java.oracle.com/
	java.vendor.url.bug = http://bugreport.sun.com/bugreport/
	java.version = 1.8.0_151
	java.vm.info = mixed mode
	java.vm.name = Java HotSpot(TM) 64-Bit Server VM
	java.vm.specification.name = Java Virtual Machine Specification
	java.vm.specification.vendor = Oracle Corporation
	java.vm.specification.version = 1.8
	java.vm.vendor = Oracle Corporation
	java.vm.version = 25.151-b12
	javax.management.builder.initial = org.jboss.as.jmx.PluggableMBeanServerBuilder
	javax.xml.datatype.DatatypeFactory = __redirected.__DatatypeFactory
	javax.xml.parsers.DocumentBuilderFactory = __redirected.__DocumentBuilderFactory
	javax.xml.parsers.SAXParserFactory = __redirected.__SAXParserFactory
	javax.xml.stream.XMLEventFactory = __redirected.__XMLEventFactory
	javax.xml.stream.XMLInputFactory = __redirected.__XMLInputFactory
	javax.xml.stream.XMLOutputFactory = __redirected.__XMLOutputFactory
	javax.xml.transform.TransformerFactory = __redirected.__TransformerFactory
	javax.xml.validation.SchemaFactory:http://www.w3.org/2001/XMLSchema = __redirected.__SchemaFactory
	javax.xml.xpath.XPathFactory:http://java.sun.com/jaxp/xpath/dom = __redirected.__XPathFactory
	jboss.bind.address = localhost
	jboss.bind.address.management = localhost
	jboss.home.dir = C:\wildfly-11.0.0.Final
	jboss.host.name = pc-boot
	jboss.modules.dir = C:\wildfly-11.0.0.Final\modules
	jboss.modules.system.pkgs = org.jboss.byteman
	jboss.node.name = pc-boot
	jboss.qualified.host.name = pc-boot
	jboss.server.base.dir = C:\wildfly-11.0.0.Final\standalone
	jboss.server.config.dir = C:\wildfly-11.0.0.Final\standalone\configuration
	jboss.server.data.dir = C:\wildfly-11.0.0.Final\standalone\data
	jboss.server.deploy.dir = C:\wildfly-11.0.0.Final\standalone\data\content
	jboss.server.log.dir = C:\wildfly-11.0.0.Final\standalone\log
	jboss.server.name = pc-boot
	jboss.server.persist.config = true
	jboss.server.temp.dir = C:\wildfly-11.0.0.Final\standalone\tmp
	line.separator = 

	logging.configuration = file:/C:/wildfly-11.0.0.Final/standalone/configuration/logging.properties
	module.path = C:/wildfly-11.0.0.Final/modules
	org.jboss.boot.log.file = C:/wildfly-11.0.0.Final/standalone/log/boot.log
	org.jboss.logmanager.nocolor = true
	org.jboss.resolver.warning = true
	org.xml.sax.driver = __redirected.__XMLReaderFactory
	os.arch = amd64
	os.name = Windows 10
	os.version = 10.0
	path.separator = ;
	program.name = JBossTools: WildFly 11 (Tech Preview)
	sun.arch.data.model = 64
	sun.boot.class.path = C:\Program Files\Java\jre1.8.0_151\lib\resources.jar;C:\Program Files\Java\jre1.8.0_151\lib\rt.jar;C:\Program Files\Java\jre1.8.0_151\lib\sunrsasign.jar;C:\Program Files\Java\jre1.8.0_151\lib\jsse.jar;C:\Program Files\Java\jre1.8.0_151\lib\jce.jar;C:\Program Files\Java\jre1.8.0_151\lib\charsets.jar;C:\Program Files\Java\jre1.8.0_151\lib\jfr.jar;C:\Program Files\Java\jre1.8.0_151\classes
	sun.boot.library.path = C:\Program Files\Java\jre1.8.0_151\bin
	sun.cpu.endian = little
	sun.cpu.isalist = amd64
	sun.desktop = windows
	sun.io.unicode.encoding = UnicodeLittle
	sun.java.command = org.jboss.modules.Main -mp C:/wildfly-11.0.0.Final/modules org.jboss.as.standalone -b localhost --server-config=standalone.xml -Djboss.server.base.dir=C:\wildfly-11.0.0.Final\standalone
	sun.java.launcher = SUN_STANDARD
	sun.jnu.encoding = Cp1252
	sun.management.compiler = HotSpot 64-Bit Tiered Compilers
	sun.os.patch.level = 
	sun.rmi.dgc.client.gcInterval = 3600000
	sun.rmi.dgc.server.gcInterval = 3600000
	user.country = BR
	user.dir = C:\wildfly-11.0.0.Final\bin
	user.home = C:\Users\DiegO
	user.language = pt
	user.name = DiegO
	user.script = 
	user.timezone = America/Sao_Paulo
	user.variant = 
2018-06-29 10:58:21,670 DEBUG [org.jboss.as.config] (MSC service thread 1-7) VM Arguments: -Dprogram.name=JBossTools: WildFly 11 (Tech Preview) -Xms64m -Xmx512m -Dorg.jboss.resolver.warning=true -Djava.net.preferIPv4Stack=true -Dsun.rmi.dgc.client.gcInterval=3600000 -Dsun.rmi.dgc.server.gcInterval=3600000 -Djboss.modules.system.pkgs=org.jboss.byteman -Djava.awt.headless=true -Dorg.jboss.boot.log.file=C:/wildfly-11.0.0.Final/standalone/log/boot.log -Dlogging.configuration=file:/C:/wildfly-11.0.0.Final/standalone/configuration/logging.properties -Djboss.home.dir=C:/wildfly-11.0.0.Final -Dorg.jboss.logmanager.nocolor=true -Djboss.bind.address.management=localhost -Dfile.encoding=Cp1252 
2018-06-29 10:58:38,277 INFO  [org.jboss.as.controller.management-deprecated] (Controller Boot Thread) WFLYCTL0028: Attribute 'security-realm' in the resource at address '/core-service=management/management-interface=http-interface' is deprecated, and may be removed in future version. See the attribute description in the output of the read-resource-description operation to learn more about the deprecation.
2018-06-29 10:58:38,328 INFO  [org.wildfly.security] (ServerService Thread Pool -- 20) ELY00001: WildFly Elytron version 1.1.6.Final
2018-06-29 10:58:38,345 INFO  [org.jboss.as.controller.management-deprecated] (ServerService Thread Pool -- 25) WFLYCTL0028: Attribute 'security-realm' in the resource at address '/subsystem=undertow/server=default-server/https-listener=https' is deprecated, and may be removed in future version. See the attribute description in the output of the read-resource-description operation to learn more about the deprecation.
2018-06-29 10:58:39,495 INFO  [org.jboss.as.server.deployment.scanner] (DeploymentScanner-threads - 1) WFLYDS0004: Found SCVE.war in deployment directory. To trigger deployment create a file called SCVE.war.dodeploy
2018-06-29 10:58:39,592 INFO  [org.jboss.as.server] (Controller Boot Thread) WFLYSRV0039: Creating http management service using socket-binding (management-http)
2018-06-29 10:58:39,722 INFO  [org.xnio] (MSC service thread 1-8) XNIO version 3.5.4.Final
2018-06-29 10:58:39,790 INFO  [org.xnio.nio] (MSC service thread 1-8) XNIO NIO Implementation Version 3.5.4.Final
2018-06-29 10:58:40,165 WARN  [org.jboss.as.txn] (ServerService Thread Pool -- 58) WFLYTX0013: The node-identifier attribute on the /subsystem=transactions is set to the default value. This is a danger for environments running multiple servers. Please make sure the attribute value is unique.
2018-06-29 10:58:40,224 INFO  [org.jboss.as.jaxrs] (ServerService Thread Pool -- 43) WFLYRS0016: RESTEasy version 3.0.24.Final
2018-06-29 10:58:40,296 INFO  [org.jboss.as.jsf] (ServerService Thread Pool -- 48) WFLYJSF0007: Activated the following JSF Implementations: [main]
2018-06-29 10:58:40,342 INFO  [org.jboss.as.security] (ServerService Thread Pool -- 57) WFLYSEC0002: Activating Security Subsystem
2018-06-29 10:58:40,363 INFO  [org.jboss.as.security] (MSC service thread 1-7) WFLYSEC0001: Current PicketBox version=5.0.2.Final
2018-06-29 10:58:40,436 INFO  [org.jboss.as.naming] (ServerService Thread Pool -- 50) WFLYNAM0001: Activating Naming Subsystem
2018-06-29 10:58:40,453 INFO  [org.jboss.as.clustering.infinispan] (ServerService Thread Pool -- 42) WFLYCLINF0001: Activating Infinispan subsystem.
2018-06-29 10:58:40,526 INFO  [org.jboss.as.webservices] (ServerService Thread Pool -- 60) WFLYWS0002: Activating WebServices Extension
2018-06-29 10:58:41,543 INFO  [org.jboss.as.connector] (MSC service thread 1-2) WFLYJCA0009: Starting JCA Subsystem (WildFly/IronJacamar 1.4.6.Final)
2018-06-29 10:58:42,646 INFO  [org.wildfly.extension.undertow] (MSC service thread 1-5) WFLYUT0003: Undertow 1.4.18.Final starting
2018-06-29 10:58:43,823 INFO  [org.jboss.as.connector.subsystems.datasources] (ServerService Thread Pool -- 36) WFLYJCA0004: Deploying JDBC-compliant driver class org.h2.Driver (version 1.4)
2018-06-29 10:58:43,831 INFO  [org.jboss.as.connector.deployers.jdbc] (MSC service thread 1-3) WFLYJCA0018: Started Driver service with driver-name = h2
2018-06-29 10:58:46,010 INFO  [org.wildfly.extension.undertow] (ServerService Thread Pool -- 59) WFLYUT0014: Creating file handler for path 'C:\wildfly-11.0.0.Final/welcome-content' with options [directory-listing: 'false', follow-symlink: 'false', case-sensitive: 'true', safe-symlink-paths: '[]']
2018-06-29 10:58:46,048 INFO  [org.jboss.as.naming] (MSC service thread 1-5) WFLYNAM0003: Starting Naming Service
2018-06-29 10:58:46,049 INFO  [org.jboss.as.mail.extension] (MSC service thread 1-2) WFLYMAIL0001: Bound mail session [java:jboss/mail/Default]
2018-06-29 10:58:46,209 INFO  [org.wildfly.extension.io] (ServerService Thread Pool -- 41) WFLYIO001: Worker 'default' has auto-configured to 8 core threads with 64 task threads based on your 4 available processors
2018-06-29 10:58:46,342 INFO  [org.jboss.remoting] (MSC service thread 1-2) JBoss Remoting version 5.0.5.Final
2018-06-29 10:58:46,401 INFO  [org.jboss.as.ejb3] (MSC service thread 1-5) WFLYEJB0481: Strict pool slsb-strict-max-pool is using a max instance size of 64 (per class), which is derived from thread worker pool sizing.
2018-06-29 10:58:46,401 INFO  [org.jboss.as.ejb3] (MSC service thread 1-6) WFLYEJB0482: Strict pool mdb-strict-max-pool is using a max instance size of 16 (per class), which is derived from the number of CPUs on this host.
2018-06-29 10:58:46,684 INFO  [org.wildfly.extension.undertow] (MSC service thread 1-7) WFLYUT0012: Started server default-server.
2018-06-29 10:58:46,686 INFO  [org.wildfly.extension.undertow] (MSC service thread 1-7) WFLYUT0018: Host default-host starting
2018-06-29 10:58:47,498 INFO  [org.wildfly.extension.undertow] (MSC service thread 1-2) WFLYUT0006: Undertow HTTP listener default listening on 0.0.0.0:8080
2018-06-29 10:58:47,616 INFO  [org.jboss.as.ejb3] (MSC service thread 1-6) WFLYEJB0493: EJB subsystem suspension complete
2018-06-29 10:58:48,699 INFO  [org.jboss.as.connector.subsystems.datasources] (MSC service thread 1-4) WFLYJCA0001: Bound data source [java:jboss/datasources/ExampleDS]
2018-06-29 10:58:56,143 INFO  [org.jboss.as.patching] (MSC service thread 1-6) WFLYPAT0050: WildFly Full cumulative patch ID is: base, one-off patches include: none
2018-06-29 10:58:56,555 WARN  [org.jboss.as.domain.management.security] (MSC service thread 1-1) WFLYDM0111: Keystore C:\wildfly-11.0.0.Final\standalone\configuration\application.keystore not found, it will be auto generated on first use with a self signed certificate for host localhost
2018-06-29 10:58:56,816 INFO  [org.jboss.as.server.deployment.scanner] (MSC service thread 1-6) WFLYDS0013: Started FileSystemDeploymentService for directory C:\wildfly-11.0.0.Final\standalone\deployments
2018-06-29 10:58:56,979 INFO  [org.jboss.as.server.deployment] (MSC service thread 1-1) WFLYSRV0027: Starting deployment of "SCVE.war" (runtime-name: "SCVE.war")
2018-06-29 10:58:57,938 INFO  [org.wildfly.extension.undertow] (MSC service thread 1-8) WFLYUT0006: Undertow HTTPS listener https listening on 0.0.0.0:8443
2018-06-29 10:59:01,341 INFO  [org.jboss.ws.common.management] (MSC service thread 1-4) JBWS022052: Starting JBossWS 5.1.9.Final (Apache CXF 3.1.12) 
2018-06-29 10:59:14,980 INFO  [org.jboss.as.jpa] (MSC service thread 1-3) WFLYJPA0002: Read persistence.xml for crudPU
2018-06-29 10:59:18,056 INFO  [org.jboss.as.jpa] (ServerService Thread Pool -- 64) WFLYJPA0010: Starting Persistence Unit (phase 1 of 2) Service 'SCVE.war#crudPU'
2018-06-29 10:59:18,151 INFO  [org.hibernate.jpa.internal.util.LogHelper] (ServerService Thread Pool -- 64) HHH000204: Processing PersistenceUnitInfo [
	name: crudPU
	...]
2018-06-29 10:59:18,646 INFO  [org.hibernate.Version] (ServerService Thread Pool -- 64) HHH000412: Hibernate Core {5.1.10.Final}
2018-06-29 10:59:18,673 INFO  [org.hibernate.cfg.Environment] (ServerService Thread Pool -- 64) HHH000206: hibernate.properties not found
2018-06-29 10:59:18,674 INFO  [org.hibernate.cfg.Environment] (ServerService Thread Pool -- 64) HHH000021: Bytecode provider name : javassist
2018-06-29 10:59:18,849 INFO  [org.hibernate.annotations.common.Version] (ServerService Thread Pool -- 64) HCANN000001: Hibernate Commons Annotations {5.0.1.Final}
2018-06-29 10:59:18,941 INFO  [org.jboss.weld.deployer] (MSC service thread 1-1) WFLYWELD0003: Processing weld deployment SCVE.war
2018-06-29 10:59:19,609 INFO  [org.hibernate.validator.internal.util.Version] (MSC service thread 1-1) HV000001: Hibernate Validator 5.3.5.Final
2018-06-29 10:59:21,949 WARN  [org.jboss.as.connector.deployers.jdbc] (MSC service thread 1-1) WFLYJCA0003: Unable to instantiate driver class "org.olap4j.driver.xmla.XmlaOlap4jDriver": java.lang.NoSuchMethodException: org.olap4j.driver.xmla.XmlaOlap4jDriver.<init>()
2018-06-29 10:59:22,015 INFO  [org.jboss.as.connector.deployers.jdbc] (MSC service thread 1-1) WFLYJCA0005: Deploying non-JDBC-compliant driver class org.postgresql.Driver (version 42.1)
2018-06-29 10:59:22,289 INFO  [org.jboss.weld.Version] (MSC service thread 1-1) WELD-000900: 2.4.3 (Final)
2018-06-29 10:59:22,328 INFO  [org.infinispan.factories.GlobalComponentRegistry] (MSC service thread 1-7) ISPN000128: Infinispan version: Infinispan 'Chakra' 8.2.8.Final
2018-06-29 10:59:22,747 INFO  [org.jboss.as.connector.deployers.jdbc] (MSC service thread 1-3) WFLYJCA0018: Started Driver service with driver-name = SCVE.war_org.postgresql.Driver_42_1
2018-06-29 10:59:23,149 INFO  [org.jboss.as.jpa] (ServerService Thread Pool -- 65) WFLYJPA0010: Starting Persistence Unit (phase 2 of 2) Service 'SCVE.war#crudPU'
2018-06-29 10:59:23,346 INFO  [org.jboss.as.clustering.infinispan] (ServerService Thread Pool -- 64) WFLYCLINF0002: Started client-mappings cache from ejb container
2018-06-29 10:59:23,389 WARN  [org.hibernate.orm.connections.pooling] (ServerService Thread Pool -- 65) HHH10001002: Using Hibernate built-in connection pool (not for production use!)
2018-06-29 10:59:23,390 INFO  [org.hibernate.orm.connections.pooling] (ServerService Thread Pool -- 65) HHH10001005: using driver [org.postgresql.Driver] at URL [jdbc:postgresql://localhost:5432/scve]
2018-06-29 10:59:23,390 INFO  [org.hibernate.orm.connections.pooling] (ServerService Thread Pool -- 65) HHH10001001: Connection properties: {user=postgres, password=****}
2018-06-29 10:59:23,390 INFO  [org.hibernate.orm.connections.pooling] (ServerService Thread Pool -- 65) HHH10001003: Autocommit mode: false
2018-06-29 10:59:23,421 INFO  [org.hibernate.engine.jdbc.connections.internal.DriverManagerConnectionProviderImpl] (ServerService Thread Pool -- 65) HHH000115: Hibernate connection pool size: 20 (min=1)
2018-06-29 10:59:24,621 INFO  [org.hibernate.dialect.Dialect] (ServerService Thread Pool -- 65) HHH000400: Using dialect: org.hibernate.dialect.PostgreSQLDialect
2018-06-29 10:59:25,586 INFO  [org.hibernate.engine.jdbc.env.internal.LobCreatorBuilderImpl] (ServerService Thread Pool -- 65) HHH000424: Disabling contextual LOB creation as createClob() method threw error : java.lang.reflect.InvocationTargetException
2018-06-29 10:59:25,589 INFO  [org.hibernate.type.BasicTypeRegistry] (ServerService Thread Pool -- 65) HHH000270: Type registration [java.util.UUID] overrides previous : org.hibernate.type.UUIDBinaryType@2c012289
2018-06-29 10:59:25,687 INFO  [org.hibernate.envers.boot.internal.EnversServiceImpl] (ServerService Thread Pool -- 65) Envers integration enabled? : true
2018-06-29 10:59:26,584 WARN  [org.hibernate.mapping.RootClass] (ServerService Thread Pool -- 65) HHH000038: Composite-id class does not override equals(): br.com.scve.entidades.Pjuridica
2018-06-29 10:59:26,585 WARN  [org.hibernate.mapping.RootClass] (ServerService Thread Pool -- 65) HHH000039: Composite-id class does not override hashCode(): br.com.scve.entidades.Pjuridica
2018-06-29 10:59:26,585 WARN  [org.hibernate.mapping.RootClass] (ServerService Thread Pool -- 65) HHH000038: Composite-id class does not override equals(): br.com.scve.entidades.Pfisica
2018-06-29 10:59:26,585 WARN  [org.hibernate.mapping.RootClass] (ServerService Thread Pool -- 65) HHH000039: Composite-id class does not override hashCode(): br.com.scve.entidades.Pfisica
2018-06-29 10:59:27,460 INFO  [org.hibernate.orm.connections.access] (ServerService Thread Pool -- 65) HHH10001501: Connection obtained from JdbcConnectionAccess [org.hibernate.engine.jdbc.env.internal.JdbcEnvironmentInitiator$ConnectionProviderJdbcConnectionAccess@5102cacc] for (non-JTA) DDL execution was not in auto-commit mode; the Connection 'local transaction' will be committed and the Connection will be set into auto-commit mode.
2018-06-29 10:59:32,181 INFO  [io.undertow.servlet] (ServerService Thread Pool -- 68) No Spring WebApplicationInitializer types detected on classpath
2018-06-29 10:59:32,182 INFO  [org.omnifaces.ApplicationInitializer] (ServerService Thread Pool -- 68) Using OmniFaces version 2.6.1
2018-06-29 10:59:33,190 WARN  [org.jboss.resteasy.resteasy_jaxrs.i18n] (ServerService Thread Pool -- 68) RESTEASY002150: resteasy.scan is no longer supported.  Use a servlet 3.0 container and the ResteasyServletInitializer
2018-06-29 10:59:34,209 INFO  [org.jboss.resteasy.resteasy_jaxrs.i18n] (ServerService Thread Pool -- 68) RESTEASY002225: Deploying javax.ws.rs.core.Application: class br.com.scve.reset.IniciaReset$Proxy$_$$_WeldClientProxy
2018-06-29 10:59:34,213 INFO  [org.jboss.resteasy.resteasy_jaxrs.i18n] (ServerService Thread Pool -- 68) RESTEASY002200: Adding class resource br.com.scve.reset.PessoaReset from Application class br.com.scve.reset.IniciaReset$Proxy$_$$_WeldClientProxy
2018-06-29 10:59:34,213 INFO  [org.jboss.resteasy.resteasy_jaxrs.i18n] (ServerService Thread Pool -- 68) RESTEASY002200: Adding class resource br.com.scve.reset.CondPagtoReset from Application class br.com.scve.reset.IniciaReset$Proxy$_$$_WeldClientProxy
2018-06-29 10:59:34,214 INFO  [org.jboss.resteasy.resteasy_jaxrs.i18n] (ServerService Thread Pool -- 68) RESTEASY002200: Adding class resource br.com.scve.reset.VendedorReset from Application class br.com.scve.reset.IniciaReset$Proxy$_$$_WeldClientProxy
2018-06-29 10:59:34,214 INFO  [org.jboss.resteasy.resteasy_jaxrs.i18n] (ServerService Thread Pool -- 68) RESTEASY002200: Adding class resource br.com.scve.reset.TipoMvReset from Application class br.com.scve.reset.IniciaReset$Proxy$_$$_WeldClientProxy
2018-06-29 10:59:34,214 INFO  [org.jboss.resteasy.resteasy_jaxrs.i18n] (ServerService Thread Pool -- 68) RESTEASY002200: Adding class resource br.com.scve.reset.UsuarioReset from Application class br.com.scve.reset.IniciaReset$Proxy$_$$_WeldClientProxy
2018-06-29 10:59:34,214 INFO  [org.jboss.resteasy.resteasy_jaxrs.i18n] (ServerService Thread Pool -- 68) RESTEASY002200: Adding class resource br.com.scve.reset.TipoEnderecoReset from Application class br.com.scve.reset.IniciaReset$Proxy$_$$_WeldClientProxy
2018-06-29 10:59:34,214 INFO  [org.jboss.resteasy.resteasy_jaxrs.i18n] (ServerService Thread Pool -- 68) RESTEASY002200: Adding class resource br.com.scve.reset.FormaPagReset from Application class br.com.scve.reset.IniciaReset$Proxy$_$$_WeldClientProxy
2018-06-29 10:59:34,215 INFO  [org.jboss.resteasy.resteasy_jaxrs.i18n] (ServerService Thread Pool -- 68) RESTEASY002200: Adding class resource br.com.scve.reset.EstadoReset from Application class br.com.scve.reset.IniciaReset$Proxy$_$$_WeldClientProxy
2018-06-29 10:59:34,215 INFO  [org.jboss.resteasy.resteasy_jaxrs.i18n] (ServerService Thread Pool -- 68) RESTEASY002200: Adding class resource br.com.scve.reset.CidadeReset from Application class br.com.scve.reset.IniciaReset$Proxy$_$$_WeldClientProxy
2018-06-29 10:59:34,215 INFO  [org.jboss.resteasy.resteasy_jaxrs.i18n] (ServerService Thread Pool -- 68) RESTEASY002200: Adding class resource br.com.scve.reset.FisicaJuridicaReset from Application class br.com.scve.reset.IniciaReset$Proxy$_$$_WeldClientProxy
2018-06-29 10:59:34,318 INFO  [io.undertow.servlet] (ServerService Thread Pool -- 68) Initializing Spring root WebApplicationContext
2018-06-29 10:59:34,319 INFO  [org.springframework.web.context.ContextLoader] (ServerService Thread Pool -- 68) Root WebApplicationContext: initialization started
2018-06-29 10:59:34,387 INFO  [org.springframework.web.context.support.XmlWebApplicationContext] (ServerService Thread Pool -- 68) Refreshing Root WebApplicationContext: startup date [Fri Jun 29 10:59:34 BRT 2018]; root of context hierarchy
2018-06-29 10:59:34,457 INFO  [org.springframework.beans.factory.xml.XmlBeanDefinitionReader] (ServerService Thread Pool -- 68) Loading XML bean definitions from ServletContext resource [/WEB-INF/applicationContext.xml]
2018-06-29 10:59:34,650 INFO  [org.springframework.security.core.SpringSecurityCoreVersion] (ServerService Thread Pool -- 68) You are running with Spring Security Core 3.2.6.RELEASE
2018-06-29 10:59:34,652 INFO  [org.springframework.security.config.SecurityNamespaceHandler] (ServerService Thread Pool -- 68) Spring Security 'config' module version is 3.2.6.RELEASE
2018-06-29 10:59:34,688 INFO  [org.springframework.security.config.http.FilterInvocationSecurityMetadataSourceParser] (ServerService Thread Pool -- 68) Creating access control expression attribute 'hasRole('ADM')' for /**
2018-06-29 10:59:34,705 INFO  [org.springframework.security.config.http.HttpSecurityBeanDefinitionParser] (ServerService Thread Pool -- 68) Checking sorted filter chain: [Root bean: class [org.springframework.security.web.context.SecurityContextPersistenceFilter]; scope=; abstract=false; lazyInit=false; autowireMode=0; dependencyCheck=0; autowireCandidate=true; primary=false; factoryBeanName=null; factoryMethodName=null; initMethodName=null; destroyMethodName=null, order = 200, Root bean: class [org.springframework.security.web.context.request.async.WebAsyncManagerIntegrationFilter]; scope=; abstract=false; lazyInit=false; autowireMode=0; dependencyCheck=0; autowireCandidate=true; primary=false; factoryBeanName=null; factoryMethodName=null; initMethodName=null; destroyMethodName=null, order = 400, Root bean: class [org.springframework.security.web.authentication.logout.LogoutFilter]; scope=; abstract=false; lazyInit=false; autowireMode=0; dependencyCheck=0; autowireCandidate=true; primary=false; factoryBeanName=null; factoryMethodName=null; initMethodName=null; destroyMethodName=null, order = 700, <org.springframework.security.web.authentication.UsernamePasswordAuthenticationFilter#0>, order = 1100, Root bean: class [org.springframework.security.web.authentication.www.BasicAuthenticationFilter]; scope=; abstract=false; lazyInit=false; autowireMode=0; dependencyCheck=0; autowireCandidate=true; primary=false; factoryBeanName=null; factoryMethodName=null; initMethodName=null; destroyMethodName=null, order = 1500, Root bean: class [org.springframework.security.web.savedrequest.RequestCacheAwareFilter]; scope=; abstract=false; lazyInit=false; autowireMode=0; dependencyCheck=0; autowireCandidate=true; primary=false; factoryBeanName=null; factoryMethodName=null; initMethodName=null; destroyMethodName=null, order = 1600, Root bean: class [org.springframework.security.web.servletapi.SecurityContextHolderAwareRequestFilter]; scope=; abstract=false; lazyInit=false; autowireMode=0; dependencyCheck=0; autowireCandidate=true; primary=false; factoryBeanName=null; factoryMethodName=null; initMethodName=null; destroyMethodName=null, order = 1700, Root bean: class [org.springframework.security.web.authentication.AnonymousAuthenticationFilter]; scope=; abstract=false; lazyInit=false; autowireMode=0; dependencyCheck=0; autowireCandidate=true; primary=false; factoryBeanName=null; factoryMethodName=null; initMethodName=null; destroyMethodName=null, order = 2000, Root bean: class [org.springframework.security.web.session.SessionManagementFilter]; scope=; abstract=false; lazyInit=false; autowireMode=0; dependencyCheck=0; autowireCandidate=true; primary=false; factoryBeanName=null; factoryMethodName=null; initMethodName=null; destroyMethodName=null, order = 2100, Root bean: class [org.springframework.security.web.access.ExceptionTranslationFilter]; scope=; abstract=false; lazyInit=false; autowireMode=0; dependencyCheck=0; autowireCandidate=true; primary=false; factoryBeanName=null; factoryMethodName=null; initMethodName=null; destroyMethodName=null, order = 2200, <org.springframework.security.web.access.intercept.FilterSecurityInterceptor#0>, order = 2300]
2018-06-29 10:59:34,733 INFO  [org.springframework.beans.factory.support.DefaultListableBeanFactory] (ServerService Thread Pool -- 68) Pre-instantiating singletons in org.springframework.beans.factory.support.DefaultListableBeanFactory@2936b5d6: defining beans [org.springframework.security.filterChains,org.springframework.security.filterChainProxy,org.springframework.security.web.DefaultSecurityFilterChain#0,org.springframework.security.web.DefaultSecurityFilterChain#1,org.springframework.security.web.DefaultSecurityFilterChain#2,org.springframework.security.web.DefaultSecurityFilterChain#3,org.springframework.security.web.PortMapperImpl#0,org.springframework.security.web.PortResolverImpl#0,org.springframework.security.config.authentication.AuthenticationManagerFactoryBean#0,org.springframework.security.authentication.ProviderManager#0,org.springframework.security.web.context.HttpSessionSecurityContextRepository#0,org.springframework.security.web.authentication.session.CompositeSessionAuthenticationStrategy#0,org.springframework.security.web.savedrequest.HttpSessionRequestCache#0,org.springframework.security.web.access.expression.DefaultWebSecurityExpressionHandler#0,org.springframework.security.access.vote.AffirmativeBased#0,org.springframework.security.web.access.intercept.FilterSecurityInterceptor#0,org.springframework.security.web.access.DefaultWebInvocationPrivilegeEvaluator#0,org.springframework.security.authentication.AnonymousAuthenticationProvider#0,org.springframework.security.web.authentication.www.BasicAuthenticationEntryPoint#0,org.springframework.security.web.authentication.UsernamePasswordAuthenticationFilter#0,org.springframework.security.userDetailsServiceFactory,org.springframework.security.web.DefaultSecurityFilterChain#4,org.springframework.security.provisioning.JdbcUserDetailsManager#0,org.springframework.security.authentication.dao.DaoAuthenticationProvider#0,org.springframework.security.authentication.DefaultAuthenticationEventPublisher#0,org.springframework.security.authenticationManager,dataSource]; root of factory hierarchy
2018-06-29 10:59:34,929 INFO  [org.springframework.security.web.DefaultSecurityFilterChain] (ServerService Thread Pool -- 68) Creating filter chain: Ant [pattern='/login.xhtml'], []
2018-06-29 10:59:34,930 INFO  [org.springframework.security.web.DefaultSecurityFilterChain] (ServerService Thread Pool -- 68) Creating filter chain: Ant [pattern='/negado.xhtml'], []
2018-06-29 10:59:34,931 INFO  [org.springframework.security.web.DefaultSecurityFilterChain] (ServerService Thread Pool -- 68) Creating filter chain: Ant [pattern='/javax.faces.resource/**'], []
2018-06-29 10:59:34,932 INFO  [org.springframework.security.web.DefaultSecurityFilterChain] (ServerService Thread Pool -- 68) Creating filter chain: Ant [pattern='/reset/**'], []
2018-06-29 10:59:35,055 INFO  [org.springframework.jdbc.datasource.DriverManagerDataSource] (ServerService Thread Pool -- 68) Loaded JDBC driver: org.postgresql.Driver
2018-06-29 10:59:35,071 INFO  [org.springframework.security.provisioning.JdbcUserDetailsManager] (ServerService Thread Pool -- 68) No authentication manager set. Reauthentication of users when changing passwords will not be performed.
2018-06-29 10:59:35,151 INFO  [org.springframework.security.web.DefaultSecurityFilterChain] (ServerService Thread Pool -- 68) Creating filter chain: org.springframework.security.web.util.matcher.AnyRequestMatcher@1, [org.springframework.security.web.context.SecurityContextPersistenceFilter@6f6a479e, org.springframework.security.web.context.request.async.WebAsyncManagerIntegrationFilter@3707e69, org.springframework.security.web.authentication.logout.LogoutFilter@3e99072, org.springframework.security.web.authentication.UsernamePasswordAuthenticationFilter@20cbd000, org.springframework.security.web.authentication.www.BasicAuthenticationFilter@1da03530, org.springframework.security.web.savedrequest.RequestCacheAwareFilter@1da383db, org.springframework.security.web.servletapi.SecurityContextHolderAwareRequestFilter@5206fa1d, org.springframework.security.web.authentication.AnonymousAuthenticationFilter@2c336b8d, org.springframework.security.web.session.SessionManagementFilter@3026d28e, org.springframework.security.web.access.ExceptionTranslationFilter@311a320a, org.springframework.security.web.access.intercept.FilterSecurityInterceptor@54a9e026]
2018-06-29 10:59:35,184 INFO  [org.springframework.security.config.http.DefaultFilterChainValidator] (ServerService Thread Pool -- 68) Checking whether login URL '/login.xhtml' is accessible with your configuration
2018-06-29 10:59:35,216 INFO  [org.springframework.web.context.ContextLoader] (ServerService Thread Pool -- 68) Root WebApplicationContext: initialization completed in 897 ms
2018-06-29 10:59:35,317 INFO  [javax.enterprise.resource.webcontainer.jsf.config] (ServerService Thread Pool -- 68) Inicializando Mojarra 2.2.13.SP4  para o contexto '/SCVE'
2018-06-29 10:59:45,218 WARNING [javax.enterprise.resource.webcontainer.jsf.application] (ServerService Thread Pool -- 68) @FacesConverter is using both value and forClass, only value will be applied.
2018-06-29 10:59:45,219 WARNING [javax.enterprise.resource.webcontainer.jsf.application] (ServerService Thread Pool -- 68) @FacesConverter is using both value and forClass, only value will be applied.
2018-06-29 10:59:45,219 WARNING [javax.enterprise.resource.webcontainer.jsf.application] (ServerService Thread Pool -- 68) @FacesConverter is using both value and forClass, only value will be applied.
2018-06-29 10:59:45,219 WARNING [javax.enterprise.resource.webcontainer.jsf.application] (ServerService Thread Pool -- 68) @FacesConverter is using both value and forClass, only value will be applied.
2018-06-29 10:59:45,220 WARNING [javax.enterprise.resource.webcontainer.jsf.application] (ServerService Thread Pool -- 68) @FacesConverter is using both value and forClass, only value will be applied.
2018-06-29 10:59:45,220 WARNING [javax.enterprise.resource.webcontainer.jsf.application] (ServerService Thread Pool -- 68) @FacesConverter is using both value and forClass, only value will be applied.
2018-06-29 10:59:45,220 WARNING [javax.enterprise.resource.webcontainer.jsf.application] (ServerService Thread Pool -- 68) @FacesConverter is using both value and forClass, only value will be applied.
2018-06-29 10:59:45,220 WARNING [javax.enterprise.resource.webcontainer.jsf.application] (ServerService Thread Pool -- 68) @FacesConverter is using both value and forClass, only value will be applied.
2018-06-29 10:59:45,221 WARNING [javax.enterprise.resource.webcontainer.jsf.application] (ServerService Thread Pool -- 68) @FacesConverter is using both value and forClass, only value will be applied.
2018-06-29 10:59:45,221 WARNING [javax.enterprise.resource.webcontainer.jsf.application] (ServerService Thread Pool -- 68) @FacesConverter is using both value and forClass, only value will be applied.
2018-06-29 10:59:45,221 WARNING [javax.enterprise.resource.webcontainer.jsf.application] (ServerService Thread Pool -- 68) @FacesConverter is using both value and forClass, only value will be applied.
2018-06-29 10:59:46,866 INFO  [javax.enterprise.resource.webcontainer.jsf.config] (ServerService Thread Pool -- 68) Monitoring file:/C:/wildfly-11.0.0.Final/standalone/deployments/SCVE.war/WEB-INF/faces-config.xml for modifications
2018-06-29 10:59:46,972 INFO  [org.primefaces.webapp.PostConstructApplicationEventListener] (ServerService Thread Pool -- 68) Running on PrimeFaces 6.0
2018-06-29 10:59:46,973 INFO  [org.primefaces.extensions.application.PostConstructApplicationEventListener] (ServerService Thread Pool -- 68) Running on PrimeFaces Extensions 6.0.0
2018-06-29 10:59:47,090 INFO  [org.wildfly.extension.undertow] (ServerService Thread Pool -- 68) WFLYUT0021: Registered web context: '/SCVE' for server 'default-server'
2018-06-29 10:59:47,178 INFO  [org.jboss.as.server] (ServerService Thread Pool -- 37) WFLYSRV0010: Deployed "SCVE.war" (runtime-name : "SCVE.war")
2018-06-29 10:59:47,691 INFO  [org.jboss.as.server] (Controller Boot Thread) WFLYSRV0212: Resuming server
2018-06-29 10:59:47,693 INFO  [org.jboss.as] (Controller Boot Thread) WFLYSRV0060: Http management interface listening on http://0.0.0.0:9990/management
2018-06-29 10:59:47,694 INFO  [org.jboss.as] (Controller Boot Thread) WFLYSRV0051: Admin console listening on http://0.0.0.0:9990
2018-06-29 10:59:47,694 INFO  [org.jboss.as] (Controller Boot Thread) WFLYSRV0025: WildFly Full 11.0.0.Final (WildFly Core 3.0.8.Final) started in 95910ms - Started 488 of 714 services (353 services are lazy, passive or on-demand)
2018-06-29 11:01:51,541 INFO  [com.github.adminfaces.template.session.AdminFilter] (default task-9) Using Admin Template 1.0.0-RC2
