2018-03-19 15:12:34,531 INFO  [org.jboss.modules] (main) JBoss Modules version 1.6.1.Final
2018-03-19 15:12:35,796 INFO  [org.jboss.msc] (main) JBoss MSC version 1.2.7.SP1
2018-03-19 15:12:36,406 INFO  [org.jboss.as] (MSC service thread 1-8) WFLYSRV0049: WildFly Full 11.0.0.Final (WildFly Core 3.0.8.Final) starting
2018-03-19 15:12:36,406 DEBUG [org.jboss.as.config] (MSC service thread 1-8) Configured system properties:
	[Server:server-two] = 
	awt.toolkit = sun.awt.windows.WToolkit
	file.encoding = Cp1252
	file.encoding.pkg = sun.io
	file.separator = \
	java.awt.graphicsenv = sun.awt.Win32GraphicsEnvironment
	java.awt.printerjob = sun.awt.windows.WPrinterJob
	java.class.path = C:\wildfly-11.0.0.Final\jboss-modules.jar
	java.class.version = 52.0
	java.endorsed.dirs = C:\Program Files\Java\jre1.8.0_151\lib\endorsed
	java.ext.dirs = C:\Program Files\Java\jre1.8.0_151\lib\ext;C:\WINDOWS\Sun\Java\lib\ext
	java.home = C:\Program Files\Java\jre1.8.0_151
	java.io.tmpdir = C:\Users\DiegO\AppData\Local\Temp\
	java.library.path = C:\Program Files\Java\jre1.8.0_151\bin;C:\WINDOWS\Sun\Java\bin;C:\WINDOWS\system32;C:\WINDOWS;C:\Program Files (x86)\NVIDIA Corporation\PhysX\Common;C:\Program Files (x86)\Common Files\Intel\Shared Files\cpp\bin\Intel64;C:\ProgramData\Oracle\Java\javapath;C:\Program Files (x86)\Borland\Delphi7\Bin;C:\Program Files (x86)\Borland\Delphi7\Projects\Bpl\;C:\WINDOWS\system32;C:\WINDOWS;C:\WINDOWS\System32\Wbem;C:\WINDOWS\System32\WindowsPowerShell\v1.0\;C:\Program Files (x86)\Windows Live\Shared;c:\Program Files (x86)\Microsoft SQL Server\110\Tools\Binn\ManagementStudio\;c:\Program Files (x86)\Microsoft SQL Server\110\Tools\Binn\;c:\Program Files (x86)\Microsoft SQL Server\110\DTS\Binn\;C:\Program Files\Microsoft SQL Server\130\Tools\Binn\;C:\Program Files\dotnet\;C:\Program Files\PuTTY\;C:\Program Files\Git\cmd;C:\opencv\build\x86\vc10\bin;C:\wildfly-11.0.0.Final\bin;C:\Users\DiegO\AppData\Local\Microsoft\WindowsApps;C:\Program Files (x86)\AllWinnertech\PhoenixSuit\;;.
	java.net.preferIPv4Stack = true
	java.runtime.name = Java(TM) SE Runtime Environment
	java.runtime.version = 1.8.0_151-b12
	java.specification.name = Java Platform API Specification
	java.specification.vendor = Oracle Corporation
	java.specification.version = 1.8
	java.util.logging.manager = org.jboss.logmanager.LogManager
	java.vendor = Oracle Corporation
	java.vendor.url = http://java.oracle.com/
	java.vendor.url.bug = http://bugreport.sun.com/bugreport/
	java.version = 1.8.0_151
	java.vm.info = mixed mode
	java.vm.name = Java HotSpot(TM) 64-Bit Server VM
	java.vm.specification.name = Java Virtual Machine Specification
	java.vm.specification.vendor = Oracle Corporation
	java.vm.specification.version = 1.8
	java.vm.vendor = Oracle Corporation
	java.vm.version = 25.151-b12
	javax.management.builder.initial = org.jboss.as.jmx.PluggableMBeanServerBuilder
	javax.xml.datatype.DatatypeFactory = __redirected.__DatatypeFactory
	javax.xml.parsers.DocumentBuilderFactory = __redirected.__DocumentBuilderFactory
	javax.xml.parsers.SAXParserFactory = __redirected.__SAXParserFactory
	javax.xml.stream.XMLEventFactory = __redirected.__XMLEventFactory
	javax.xml.stream.XMLInputFactory = __redirected.__XMLInputFactory
	javax.xml.stream.XMLOutputFactory = __redirected.__XMLOutputFactory
	javax.xml.transform.TransformerFactory = __redirected.__TransformerFactory
	javax.xml.validation.SchemaFactory:http://www.w3.org/2001/XMLSchema = __redirected.__SchemaFactory
	javax.xml.xpath.XPathFactory:http://java.sun.com/jaxp/xpath/dom = __redirected.__XPathFactory
	jboss.domain.base.dir = C:\wildfly-11.0.0.Final\domain
	jboss.domain.config.dir = C:\wildfly-11.0.0.Final\domain\configuration
	jboss.home.dir = C:\wildfly-11.0.0.Final
	jboss.host.name = pc-boot
	jboss.modules.dir = C:\wildfly-11.0.0.Final\modules
	jboss.modules.system.pkgs = org.jboss.byteman
	jboss.node.name = master:server-two
	jboss.qualified.host.name = pc-boot
	jboss.server.base.dir = C:\wildfly-11.0.0.Final\domain\servers\server-two
	jboss.server.config.dir = C:\wildfly-11.0.0.Final\domain\servers\server-two\configuration
	jboss.server.data.dir = C:\wildfly-11.0.0.Final\domain\servers\server-two\data
	jboss.server.deploy.dir = C:\wildfly-11.0.0.Final\domain\servers\server-two\data\content
	jboss.server.log.dir = C:\wildfly-11.0.0.Final\domain\servers\server-two\log
	jboss.server.name = server-two
	jboss.server.persist.config = true
	jboss.server.temp.dir = C:\wildfly-11.0.0.Final\domain\servers\server-two\tmp
	line.separator = 

	logging.configuration = file:/C:/wildfly-11.0.0.Final/domain/configuration/default-server-logging.properties
	module.path = C:\wildfly-11.0.0.Final\modules
	org.jboss.boot.log.file = C:\wildfly-11.0.0.Final\domain\servers\server-two\log\server.log
	org.jboss.resolver.warning = true
	org.xml.sax.driver = __redirected.__XMLReaderFactory
	os.arch = amd64
	os.name = Windows 10
	os.version = 10.0
	path.separator = ;
	sun.arch.data.model = 64
	sun.boot.class.path = C:\Program Files\Java\jre1.8.0_151\lib\resources.jar;C:\Program Files\Java\jre1.8.0_151\lib\rt.jar;C:\Program Files\Java\jre1.8.0_151\lib\sunrsasign.jar;C:\Program Files\Java\jre1.8.0_151\lib\jsse.jar;C:\Program Files\Java\jre1.8.0_151\lib\jce.jar;C:\Program Files\Java\jre1.8.0_151\lib\charsets.jar;C:\Program Files\Java\jre1.8.0_151\lib\jfr.jar;C:\Program Files\Java\jre1.8.0_151\classes
	sun.boot.library.path = C:\Program Files\Java\jre1.8.0_151\bin
	sun.cpu.endian = little
	sun.cpu.isalist = amd64
	sun.desktop = windows
	sun.io.unicode.encoding = UnicodeLittle
	sun.java.command = C:\wildfly-11.0.0.Final\jboss-modules.jar -mp C:\wildfly-11.0.0.Final\modules org.jboss.as.server
	sun.java.launcher = SUN_STANDARD
	sun.jnu.encoding = Cp1252
	sun.management.compiler = HotSpot 64-Bit Tiered Compilers
	sun.os.patch.level = 
	user.country = BR
	user.dir = C:\wildfly-11.0.0.Final
	user.home = C:\Users\DiegO
	user.language = pt
	user.name = DiegO
	user.script = 
	user.timezone = America/Sao_Paulo
	user.variant = 
2018-03-19 15:12:36,421 DEBUG [org.jboss.as.config] (MSC service thread 1-8) VM Arguments: -D[Server:server-two] -Xms64m -Xmx512m -XX:MetaspaceSize=96m -XX:MaxMetaspaceSize=256m -Djava.net.preferIPv4Stack=true -Djboss.home.dir=C:\wildfly-11.0.0.Final -Djboss.modules.system.pkgs=org.jboss.byteman -Djboss.server.log.dir=C:\wildfly-11.0.0.Final\domain\servers\server-two\log -Djboss.server.temp.dir=C:\wildfly-11.0.0.Final\domain\servers\server-two\tmp -Djboss.server.data.dir=C:\wildfly-11.0.0.Final\domain\servers\server-two\data -Dorg.jboss.boot.log.file=C:\wildfly-11.0.0.Final\domain\servers\server-two\log\server.log -Dlogging.configuration=file:/C:/wildfly-11.0.0.Final/domain/configuration/default-server-logging.properties 
2018-03-19 15:12:36,656 INFO  [org.xnio] (MSC service thread 1-8) XNIO version 3.5.4.Final
2018-03-19 15:12:36,671 INFO  [org.xnio.nio] (MSC service thread 1-8) XNIO NIO Implementation Version 3.5.4.Final
2018-03-19 15:12:36,781 INFO  [org.jboss.remoting] (MSC service thread 1-3) JBoss Remoting version 5.0.5.Final
2018-03-19 15:12:38,249 INFO  [org.wildfly.security] (ServerService Thread Pool -- 2) ELY00001: WildFly Elytron version 1.1.6.Final
2018-03-19 15:12:43,317 INFO  [org.jboss.as.controller.management-deprecated] (ServerService Thread Pool -- 7) WFLYCTL0028: Attribute 'security-realm' in the resource at address '/subsystem=undertow/server=default-server/https-listener=https' is deprecated, and may be removed in future version. See the attribute description in the output of the read-resource-description operation to learn more about the deprecation.
2018-03-19 15:12:43,722 INFO  [org.jboss.as.webservices] (ServerService Thread Pool -- 36) WFLYWS0002: Activating WebServices Extension
2018-03-19 15:12:43,732 INFO  [org.jboss.as.security] (ServerService Thread Pool -- 40) WFLYSEC0002: Activating Security Subsystem
2018-03-19 15:12:43,721 WARN  [org.jboss.as.txn] (ServerService Thread Pool -- 38) WFLYTX0013: The node-identifier attribute on the /subsystem=transactions is set to the default value. This is a danger for environments running multiple servers. Please make sure the attribute value is unique.
2018-03-19 15:12:43,733 INFO  [org.jboss.as.jaxrs] (ServerService Thread Pool -- 55) WFLYRS0016: RESTEasy version 3.0.24.Final
2018-03-19 15:12:43,749 INFO  [org.jboss.as.clustering.infinispan] (ServerService Thread Pool -- 57) WFLYCLINF0001: Activating Infinispan subsystem.
2018-03-19 15:12:43,748 INFO  [org.jboss.as.security] (MSC service thread 1-6) WFLYSEC0001: Current PicketBox version=5.0.2.Final
2018-03-19 15:12:43,784 INFO  [org.jboss.as.naming] (ServerService Thread Pool -- 46) WFLYNAM0001: Activating Naming Subsystem
2018-03-19 15:12:43,777 INFO  [org.wildfly.iiop.openjdk] (ServerService Thread Pool -- 56) WFLYIIOP0001: Activating IIOP Subsystem
2018-03-19 15:12:43,870 INFO  [org.jboss.as.connector.subsystems.datasources] (ServerService Thread Pool -- 62) WFLYJCA0004: Deploying JDBC-compliant driver class org.h2.Driver (version 1.4)
2018-03-19 15:12:43,871 INFO  [org.jboss.as.jsf] (ServerService Thread Pool -- 50) WFLYJSF0007: Activated the following JSF Implementations: [main]
2018-03-19 15:12:44,060 INFO  [org.wildfly.extension.undertow] (MSC service thread 1-3) WFLYUT0003: Undertow 1.4.18.Final starting
2018-03-19 15:12:44,055 INFO  [org.wildfly.extension.io] (ServerService Thread Pool -- 58) WFLYIO001: Worker 'default' has auto-configured to 8 core threads with 64 task threads based on your 4 available processors
2018-03-19 15:12:44,074 INFO  [org.wildfly.extension.undertow] (ServerService Thread Pool -- 37) WFLYUT0014: Creating file handler for path 'C:\wildfly-11.0.0.Final/welcome-content' with options [directory-listing: 'false', follow-symlink: 'false', case-sensitive: 'true', safe-symlink-paths: '[]']
2018-03-19 15:12:44,116 INFO  [org.jboss.as.naming] (MSC service thread 1-2) WFLYNAM0003: Starting Naming Service
2018-03-19 15:12:44,126 INFO  [org.jboss.as.mail.extension] (MSC service thread 1-2) WFLYMAIL0001: Bound mail session [java:jboss/mail/Default]
2018-03-19 15:12:44,198 INFO  [org.jboss.as.connector] (MSC service thread 1-2) WFLYJCA0009: Starting JCA Subsystem (WildFly/IronJacamar 1.4.6.Final)
2018-03-19 15:12:44,253 INFO  [org.jboss.as.connector.deployers.jdbc] (MSC service thread 1-2) WFLYJCA0018: Started Driver service with driver-name = h2
2018-03-19 15:12:44,497 INFO  [org.jboss.as.ejb3] (MSC service thread 1-2) WFLYEJB0482: Strict pool mdb-strict-max-pool is using a max instance size of 16 (per class), which is derived from the number of CPUs on this host.
2018-03-19 15:12:44,502 INFO  [org.jboss.as.ejb3] (MSC service thread 1-1) WFLYEJB0481: Strict pool slsb-strict-max-pool is using a max instance size of 64 (per class), which is derived from thread worker pool sizing.
2018-03-19 15:12:44,761 INFO  [org.wildfly.extension.undertow] (MSC service thread 1-8) WFLYUT0012: Started server default-server.
2018-03-19 15:12:44,768 INFO  [org.wildfly.extension.undertow] (MSC service thread 1-8) WFLYUT0018: Host default-host starting
2018-03-19 15:12:45,217 INFO  [org.wildfly.extension.undertow] (MSC service thread 1-2) WFLYUT0006: Undertow HTTP listener default listening on 127.0.0.1:8230
2018-03-19 15:12:45,248 INFO  [org.jboss.as.patching] (MSC service thread 1-7) WFLYPAT0050: WildFly Full cumulative patch ID is: base, one-off patches include: none
2018-03-19 15:12:45,254 INFO  [org.wildfly.extension.messaging-activemq] (MSC service thread 1-1) WFLYMSGAMQ0001: AIO wasn't located on this platform, it will fall back to using pure Java NIO.
2018-03-19 15:12:45,285 WARN  [org.jboss.as.domain.management.security] (MSC service thread 1-7) WFLYDM0111: Keystore C:\wildfly-11.0.0.Final\domain\configuration\application.keystore not found, it will be auto generated on first use with a self signed certificate for host localhost
2018-03-19 15:12:45,387 INFO  [org.wildfly.extension.undertow] (MSC service thread 1-7) WFLYUT0006: Undertow HTTPS listener https listening on 127.0.0.1:8593
2018-03-19 15:12:46,051 INFO  [org.jboss.as.ejb3] (MSC service thread 1-4) WFLYEJB0493: EJB subsystem suspension complete
2018-03-19 15:12:46,192 INFO  [org.jboss.ws.common.management] (MSC service thread 1-7) JBWS022052: Starting JBossWS 5.1.9.Final (Apache CXF 3.1.12) 
2018-03-19 15:12:46,223 INFO  [org.jboss.as.connector.subsystems.datasources] (MSC service thread 1-5) WFLYJCA0001: Bound data source [java:jboss/datasources/ExampleDS]
2018-03-19 15:12:46,348 INFO  [org.wildfly.iiop.openjdk] (MSC service thread 1-2) WFLYIIOP0009: CORBA ORB Service started
2018-03-19 15:12:46,801 INFO  [org.apache.activemq.artemis.core.server] (ServerService Thread Pool -- 66) AMQ221000: live Message Broker is starting with configuration Broker Configuration (clustered=false,journalDirectory=C:\wildfly-11.0.0.Final\domain\servers\server-two\data\activemq\journal,bindingsDirectory=C:\wildfly-11.0.0.Final\domain\servers\server-two\data\activemq\bindings,largeMessagesDirectory=C:\wildfly-11.0.0.Final\domain\servers\server-two\data\activemq\largemessages,pagingDirectory=C:\wildfly-11.0.0.Final\domain\servers\server-two\data\activemq\paging)
2018-03-19 15:12:46,864 INFO  [org.apache.activemq.artemis.core.server] (ServerService Thread Pool -- 66) AMQ221013: Using NIO Journal
2018-03-19 15:12:47,020 INFO  [org.apache.activemq.artemis.core.server] (ServerService Thread Pool -- 66) AMQ221043: Protocol module found: [artemis-server]. Adding protocol support for: CORE
2018-03-19 15:12:47,035 INFO  [org.apache.activemq.artemis.core.server] (ServerService Thread Pool -- 66) AMQ221043: Protocol module found: [artemis-amqp-protocol]. Adding protocol support for: AMQP
2018-03-19 15:12:47,035 INFO  [org.apache.activemq.artemis.core.server] (ServerService Thread Pool -- 66) AMQ221043: Protocol module found: [artemis-hornetq-protocol]. Adding protocol support for: HORNETQ
2018-03-19 15:12:47,035 INFO  [org.apache.activemq.artemis.core.server] (ServerService Thread Pool -- 66) AMQ221043: Protocol module found: [artemis-stomp-protocol]. Adding protocol support for: STOMP
2018-03-19 15:12:53,465 INFO  [org.wildfly.extension.messaging-activemq] (MSC service thread 1-1) WFLYMSGAMQ0016: Registered HTTP upgrade for activemq-remoting protocol handled by http-acceptor acceptor
2018-03-19 15:12:53,465 INFO  [org.wildfly.extension.messaging-activemq] (MSC service thread 1-8) WFLYMSGAMQ0016: Registered HTTP upgrade for activemq-remoting protocol handled by http-acceptor-throughput acceptor
2018-03-19 15:12:53,465 INFO  [org.wildfly.extension.messaging-activemq] (MSC service thread 1-4) WFLYMSGAMQ0016: Registered HTTP upgrade for activemq-remoting protocol handled by http-acceptor acceptor
2018-03-19 15:12:53,481 INFO  [org.wildfly.extension.messaging-activemq] (MSC service thread 1-6) WFLYMSGAMQ0016: Registered HTTP upgrade for activemq-remoting protocol handled by http-acceptor-throughput acceptor
2018-03-19 15:12:54,543 INFO  [org.apache.activemq.artemis.core.server] (ServerService Thread Pool -- 66) AMQ221007: Server is now live
2018-03-19 15:12:54,543 INFO  [org.apache.activemq.artemis.core.server] (ServerService Thread Pool -- 66) AMQ221001: Apache ActiveMQ Artemis Message Broker version 1.5.5.jbossorg-008 [default, nodeID=203c466f-2ba1-11e8-aa77-a4db30b40db3] 
2018-03-19 15:12:54,793 INFO  [org.wildfly.extension.messaging-activemq] (ServerService Thread Pool -- 66) WFLYMSGAMQ0002: Bound messaging object to jndi name java:jboss/exported/jms/RemoteConnectionFactory
2018-03-19 15:12:55,075 INFO  [org.apache.activemq.artemis.core.server] (ServerService Thread Pool -- 70) AMQ221003: Deploying queue jms.queue.ExpiryQueue
2018-03-19 15:12:55,340 INFO  [org.apache.activemq.artemis.core.server] (ServerService Thread Pool -- 68) AMQ221003: Deploying queue jms.queue.DLQ
2018-03-19 15:12:55,434 INFO  [org.wildfly.extension.messaging-activemq] (ServerService Thread Pool -- 69) WFLYMSGAMQ0002: Bound messaging object to jndi name java:/ConnectionFactory
2018-03-19 15:12:55,559 INFO  [org.jboss.as.connector.deployment] (MSC service thread 1-8) WFLYJCA0007: Registered connection factory java:/JmsXA
2018-03-19 15:12:55,918 INFO  [org.apache.activemq.artemis.ra] (MSC service thread 1-8) Resource adaptor started
2018-03-19 15:12:55,918 INFO  [org.jboss.as.connector.services.resourceadapters.ResourceAdapterActivatorService$ResourceAdapterActivator] (MSC service thread 1-8) IJ020002: Deployed: file://RaActivatoractivemq-ra
2018-03-19 15:12:55,918 INFO  [org.wildfly.extension.messaging-activemq] (MSC service thread 1-6) WFLYMSGAMQ0002: Bound messaging object to jndi name java:jboss/DefaultJMSConnectionFactory
2018-03-19 15:12:55,918 INFO  [org.jboss.as.connector.deployment] (MSC service thread 1-7) WFLYJCA0002: Bound JCA ConnectionFactory [java:/JmsXA]
2018-03-19 15:12:56,450 INFO  [org.jboss.as.server] (Controller Boot Thread) WFLYSRV0212: Resuming server
2018-03-19 15:12:56,450 INFO  [org.jboss.as] (Controller Boot Thread) WFLYSRV0025: WildFly Full 11.0.0.Final (WildFly Core 3.0.8.Final) started in 24404ms - Started 314 of 579 services (360 services are lazy, passive or on-demand)
2018-03-19 15:54:03,365 INFO  [org.jboss.as.server] (main) WFLYSRV0240: ProcessController has signalled to shut down; shutting down
2018-03-19 15:54:03,534 INFO  [org.jboss.as.connector.subsystems.datasources] (MSC service thread 1-5) WFLYJCA0010: Unbound data source [java:jboss/datasources/ExampleDS]
2018-03-19 15:54:03,667 INFO  [org.wildfly.extension.messaging-activemq] (MSC service thread 1-7) WFLYMSGAMQ0006: Unbound messaging object to jndi name java:jboss/DefaultJMSConnectionFactory
2018-03-19 15:54:03,805 INFO  [org.jboss.as.connector.deployment] (MSC service thread 1-2) WFLYJCA0011: Unbound JCA ConnectionFactory [java:/JmsXA]
2018-03-19 15:54:03,831 INFO  [org.wildfly.extension.messaging-activemq] (ServerService Thread Pool -- 17) WFLYMSGAMQ0006: Unbound messaging object to jndi name java:/ConnectionFactory
2018-03-19 15:54:03,859 INFO  [org.wildfly.extension.undertow] (MSC service thread 1-2) WFLYUT0008: Undertow HTTPS listener https suspending
2018-03-19 15:54:03,899 INFO  [org.wildfly.extension.undertow] (MSC service thread 1-7) WFLYUT0019: Host default-host stopping
2018-03-19 15:54:03,903 INFO  [org.wildfly.extension.undertow] (MSC service thread 1-2) WFLYUT0007: Undertow HTTPS listener https stopped, was bound to 127.0.0.1:8593
2018-03-19 15:54:03,973 INFO  [org.jboss.as.connector.deployers.jdbc] (MSC service thread 1-5) WFLYJCA0019: Stopped Driver service with driver-name = h2
2018-03-19 15:54:04,159 INFO  [org.apache.activemq.artemis.ra] (ServerService Thread Pool -- 17) AMQ151003: resource adaptor stopped
2018-03-19 15:54:04,596 INFO  [org.apache.activemq.artemis.core.server] (ServerService Thread Pool -- 17) AMQ221002: Apache ActiveMQ Artemis Message Broker version 1.5.5.jbossorg-008 [203c466f-2ba1-11e8-aa77-a4db30b40db3] stopped, uptime 41 minutes
2018-03-19 15:54:04,607 INFO  [org.wildfly.extension.undertow] (MSC service thread 1-6) WFLYUT0008: Undertow HTTP listener default suspending
2018-03-19 15:54:04,608 INFO  [org.wildfly.extension.undertow] (MSC service thread 1-6) WFLYUT0007: Undertow HTTP listener default stopped, was bound to 127.0.0.1:8230
2018-03-19 15:54:04,609 INFO  [org.wildfly.extension.undertow] (MSC service thread 1-6) WFLYUT0004: Undertow 1.4.18.Final stopping
2018-03-19 15:54:04,701 INFO  [org.jboss.as] (MSC service thread 1-7) WFLYSRV0050: WildFly Full 11.0.0.Final (WildFly Core 3.0.8.Final) stopped in 1158ms
2018-03-19 16:35:36,475 INFO  [org.jboss.modules] (main) JBoss Modules version 1.6.1.Final
2018-03-19 16:35:36,975 INFO  [org.jboss.msc] (main) JBoss MSC version 1.2.7.SP1
2018-03-19 16:35:37,194 INFO  [org.jboss.as] (MSC service thread 1-8) WFLYSRV0049: WildFly Full 11.0.0.Final (WildFly Core 3.0.8.Final) starting
2018-03-19 16:35:37,194 DEBUG [org.jboss.as.config] (MSC service thread 1-8) Configured system properties:
	[Server:server-two] = 
	awt.toolkit = sun.awt.windows.WToolkit
	file.encoding = Cp1252
	file.encoding.pkg = sun.io
	file.separator = \
	java.awt.graphicsenv = sun.awt.Win32GraphicsEnvironment
	java.awt.printerjob = sun.awt.windows.WPrinterJob
	java.class.path = C:\wildfly-11.0.0.Final\jboss-modules.jar
	java.class.version = 52.0
	java.endorsed.dirs = C:\Program Files\Java\jre1.8.0_151\lib\endorsed
	java.ext.dirs = C:\Program Files\Java\jre1.8.0_151\lib\ext;C:\WINDOWS\Sun\Java\lib\ext
	java.home = C:\Program Files\Java\jre1.8.0_151
	java.io.tmpdir = C:\Users\DiegO\AppData\Local\Temp\
	java.library.path = C:\Program Files\Java\jre1.8.0_151\bin;C:\WINDOWS\Sun\Java\bin;C:\WINDOWS\system32;C:\WINDOWS;C:\Program Files (x86)\NVIDIA Corporation\PhysX\Common;C:\Program Files (x86)\Common Files\Intel\Shared Files\cpp\bin\Intel64;C:\ProgramData\Oracle\Java\javapath;C:\Program Files (x86)\Borland\Delphi7\Bin;C:\Program Files (x86)\Borland\Delphi7\Projects\Bpl\;C:\WINDOWS\system32;C:\WINDOWS;C:\WINDOWS\System32\Wbem;C:\WINDOWS\System32\WindowsPowerShell\v1.0\;C:\Program Files (x86)\Windows Live\Shared;c:\Program Files (x86)\Microsoft SQL Server\110\Tools\Binn\ManagementStudio\;c:\Program Files (x86)\Microsoft SQL Server\110\Tools\Binn\;c:\Program Files (x86)\Microsoft SQL Server\110\DTS\Binn\;C:\Program Files\Microsoft SQL Server\130\Tools\Binn\;C:\Program Files\dotnet\;C:\Program Files\PuTTY\;C:\Program Files\Git\cmd;C:\opencv\build\x86\vc10\bin;C:\wildfly-11.0.0.Final\bin;C:\Users\DiegO\AppData\Local\Microsoft\WindowsApps;C:\Program Files (x86)\AllWinnertech\PhoenixSuit\;.
	java.net.preferIPv4Stack = true
	java.runtime.name = Java(TM) SE Runtime Environment
	java.runtime.version = 1.8.0_151-b12
	java.specification.name = Java Platform API Specification
	java.specification.vendor = Oracle Corporation
	java.specification.version = 1.8
	java.util.logging.manager = org.jboss.logmanager.LogManager
	java.vendor = Oracle Corporation
	java.vendor.url = http://java.oracle.com/
	java.vendor.url.bug = http://bugreport.sun.com/bugreport/
	java.version = 1.8.0_151
	java.vm.info = mixed mode
	java.vm.name = Java HotSpot(TM) 64-Bit Server VM
	java.vm.specification.name = Java Virtual Machine Specification
	java.vm.specification.vendor = Oracle Corporation
	java.vm.specification.version = 1.8
	java.vm.vendor = Oracle Corporation
	java.vm.version = 25.151-b12
	javax.management.builder.initial = org.jboss.as.jmx.PluggableMBeanServerBuilder
	javax.xml.datatype.DatatypeFactory = __redirected.__DatatypeFactory
	javax.xml.parsers.DocumentBuilderFactory = __redirected.__DocumentBuilderFactory
	javax.xml.parsers.SAXParserFactory = __redirected.__SAXParserFactory
	javax.xml.stream.XMLEventFactory = __redirected.__XMLEventFactory
	javax.xml.stream.XMLInputFactory = __redirected.__XMLInputFactory
	javax.xml.stream.XMLOutputFactory = __redirected.__XMLOutputFactory
	javax.xml.transform.TransformerFactory = __redirected.__TransformerFactory
	javax.xml.validation.SchemaFactory:http://www.w3.org/2001/XMLSchema = __redirected.__SchemaFactory
	javax.xml.xpath.XPathFactory:http://java.sun.com/jaxp/xpath/dom = __redirected.__XPathFactory
	jboss.domain.base.dir = C:\wildfly-11.0.0.Final\domain
	jboss.domain.config.dir = C:\wildfly-11.0.0.Final\domain\configuration
	jboss.home.dir = C:\wildfly-11.0.0.Final
	jboss.host.name = pc-boot
	jboss.modules.dir = C:\wildfly-11.0.0.Final\modules
	jboss.modules.system.pkgs = org.jboss.byteman
	jboss.node.name = master:server-two
	jboss.qualified.host.name = pc-boot
	jboss.server.base.dir = C:\wildfly-11.0.0.Final\domain\servers\server-two
	jboss.server.config.dir = C:\wildfly-11.0.0.Final\domain\servers\server-two\configuration
	jboss.server.data.dir = C:\wildfly-11.0.0.Final\domain\servers\server-two\data
	jboss.server.deploy.dir = C:\wildfly-11.0.0.Final\domain\servers\server-two\data\content
	jboss.server.log.dir = C:\wildfly-11.0.0.Final\domain\servers\server-two\log
	jboss.server.name = server-two
	jboss.server.persist.config = true
	jboss.server.temp.dir = C:\wildfly-11.0.0.Final\domain\servers\server-two\tmp
	line.separator = 

	logging.configuration = file:/C:/wildfly-11.0.0.Final/domain/servers/server-two/data/logging.properties
	module.path = C:\wildfly-11.0.0.Final\modules
	org.jboss.resolver.warning = true
	org.xml.sax.driver = __redirected.__XMLReaderFactory
	os.arch = amd64
	os.name = Windows 10
	os.version = 10.0
	path.separator = ;
	sun.arch.data.model = 64
	sun.boot.class.path = C:\Program Files\Java\jre1.8.0_151\lib\resources.jar;C:\Program Files\Java\jre1.8.0_151\lib\rt.jar;C:\Program Files\Java\jre1.8.0_151\lib\sunrsasign.jar;C:\Program Files\Java\jre1.8.0_151\lib\jsse.jar;C:\Program Files\Java\jre1.8.0_151\lib\jce.jar;C:\Program Files\Java\jre1.8.0_151\lib\charsets.jar;C:\Program Files\Java\jre1.8.0_151\lib\jfr.jar;C:\Program Files\Java\jre1.8.0_151\classes
	sun.boot.library.path = C:\Program Files\Java\jre1.8.0_151\bin
	sun.cpu.endian = little
	sun.cpu.isalist = amd64
	sun.desktop = windows
	sun.io.unicode.encoding = UnicodeLittle
	sun.java.command = C:\wildfly-11.0.0.Final\jboss-modules.jar -mp C:\wildfly-11.0.0.Final\modules org.jboss.as.server
	sun.java.launcher = SUN_STANDARD
	sun.jnu.encoding = Cp1252
	sun.management.compiler = HotSpot 64-Bit Tiered Compilers
	sun.os.patch.level = 
	user.country = BR
	user.dir = C:\wildfly-11.0.0.Final
	user.home = C:\Users\DiegO
	user.language = pt
	user.name = DiegO
	user.script = 
	user.timezone = America/Sao_Paulo
	user.variant = 
2018-03-19 16:35:37,194 DEBUG [org.jboss.as.config] (MSC service thread 1-8) VM Arguments: -D[Server:server-two] -Xms64m -Xmx512m -XX:MetaspaceSize=96m -XX:MaxMetaspaceSize=256m -Djava.net.preferIPv4Stack=true -Djboss.home.dir=C:\wildfly-11.0.0.Final -Djboss.modules.system.pkgs=org.jboss.byteman -Djboss.server.log.dir=C:\wildfly-11.0.0.Final\domain\servers\server-two\log -Djboss.server.temp.dir=C:\wildfly-11.0.0.Final\domain\servers\server-two\tmp -Djboss.server.data.dir=C:\wildfly-11.0.0.Final\domain\servers\server-two\data -Dlogging.configuration=file:/C:/wildfly-11.0.0.Final/domain/servers/server-two/data/logging.properties 
2018-03-19 16:35:37,287 INFO  [org.xnio] (MSC service thread 1-8) XNIO version 3.5.4.Final
2018-03-19 16:35:37,303 INFO  [org.xnio.nio] (MSC service thread 1-8) XNIO NIO Implementation Version 3.5.4.Final
2018-03-19 16:35:37,522 INFO  [org.jboss.remoting] (MSC service thread 1-8) JBoss Remoting version 5.0.5.Final
2018-03-19 16:35:38,241 INFO  [org.wildfly.security] (ServerService Thread Pool -- 2) ELY00001: WildFly Elytron version 1.1.6.Final
2018-03-19 16:35:41,850 INFO  [org.jboss.as.controller.management-deprecated] (ServerService Thread Pool -- 7) WFLYCTL0028: Attribute 'security-realm' in the resource at address '/subsystem=undertow/server=default-server/https-listener=https' is deprecated, and may be removed in future version. See the attribute description in the output of the read-resource-description operation to learn more about the deprecation.
2018-03-19 16:35:42,006 INFO  [org.jboss.as.security] (ServerService Thread Pool -- 40) WFLYSEC0002: Activating Security Subsystem
2018-03-19 16:35:42,006 WARN  [org.jboss.as.txn] (ServerService Thread Pool -- 38) WFLYTX0013: The node-identifier attribute on the /subsystem=transactions is set to the default value. This is a danger for environments running multiple servers. Please make sure the attribute value is unique.
2018-03-19 16:35:42,022 INFO  [org.jboss.as.webservices] (ServerService Thread Pool -- 36) WFLYWS0002: Activating WebServices Extension
2018-03-19 16:35:42,022 INFO  [org.jboss.as.jaxrs] (ServerService Thread Pool -- 55) WFLYRS0016: RESTEasy version 3.0.24.Final
2018-03-19 16:35:42,037 INFO  [org.jboss.as.security] (MSC service thread 1-2) WFLYSEC0001: Current PicketBox version=5.0.2.Final
2018-03-19 16:35:42,037 INFO  [org.jboss.as.naming] (ServerService Thread Pool -- 46) WFLYNAM0001: Activating Naming Subsystem
2018-03-19 16:35:42,037 INFO  [org.jboss.as.clustering.infinispan] (ServerService Thread Pool -- 57) WFLYCLINF0001: Activating Infinispan subsystem.
2018-03-19 16:35:42,053 INFO  [org.wildfly.extension.io] (ServerService Thread Pool -- 58) WFLYIO001: Worker 'default' has auto-configured to 8 core threads with 64 task threads based on your 4 available processors
2018-03-19 16:35:42,053 INFO  [org.jboss.as.jsf] (ServerService Thread Pool -- 50) WFLYJSF0007: Activated the following JSF Implementations: [main]
2018-03-19 16:35:42,100 INFO  [org.wildfly.iiop.openjdk] (ServerService Thread Pool -- 56) WFLYIIOP0001: Activating IIOP Subsystem
2018-03-19 16:35:42,147 INFO  [org.jboss.as.connector] (MSC service thread 1-3) WFLYJCA0009: Starting JCA Subsystem (WildFly/IronJacamar 1.4.6.Final)
2018-03-19 16:35:42,178 INFO  [org.wildfly.extension.undertow] (ServerService Thread Pool -- 37) WFLYUT0014: Creating file handler for path 'C:\wildfly-11.0.0.Final/welcome-content' with options [directory-listing: 'false', follow-symlink: 'false', case-sensitive: 'true', safe-symlink-paths: '[]']
2018-03-19 16:35:42,225 INFO  [org.wildfly.extension.undertow] (MSC service thread 1-8) WFLYUT0003: Undertow 1.4.18.Final starting
2018-03-19 16:35:42,319 INFO  [org.jboss.as.mail.extension] (MSC service thread 1-2) WFLYMAIL0001: Bound mail session [java:jboss/mail/Default]
2018-03-19 16:35:42,319 INFO  [org.jboss.as.naming] (MSC service thread 1-7) WFLYNAM0003: Starting Naming Service
2018-03-19 16:35:42,350 INFO  [org.jboss.as.connector.subsystems.datasources] (ServerService Thread Pool -- 62) WFLYJCA0004: Deploying JDBC-compliant driver class org.h2.Driver (version 1.4)
2018-03-19 16:35:42,366 INFO  [org.jboss.as.connector.deployers.jdbc] (MSC service thread 1-7) WFLYJCA0018: Started Driver service with driver-name = h2
2018-03-19 16:35:42,475 INFO  [org.jboss.as.ejb3] (MSC service thread 1-7) WFLYEJB0481: Strict pool slsb-strict-max-pool is using a max instance size of 64 (per class), which is derived from thread worker pool sizing.
2018-03-19 16:35:42,475 INFO  [org.jboss.as.ejb3] (MSC service thread 1-1) WFLYEJB0482: Strict pool mdb-strict-max-pool is using a max instance size of 16 (per class), which is derived from the number of CPUs on this host.
2018-03-19 16:35:43,100 INFO  [org.wildfly.extension.undertow] (MSC service thread 1-8) WFLYUT0012: Started server default-server.
2018-03-19 16:35:43,116 INFO  [org.wildfly.extension.undertow] (MSC service thread 1-8) WFLYUT0018: Host default-host starting
2018-03-19 16:35:43,303 INFO  [org.wildfly.extension.undertow] (MSC service thread 1-3) WFLYUT0006: Undertow HTTP listener default listening on 127.0.0.1:8230
2018-03-19 16:35:43,475 INFO  [org.jboss.as.ejb3] (MSC service thread 1-3) WFLYEJB0493: EJB subsystem suspension complete
2018-03-19 16:35:43,678 INFO  [org.jboss.as.connector.subsystems.datasources] (MSC service thread 1-5) WFLYJCA0001: Bound data source [java:jboss/datasources/ExampleDS]
2018-03-19 16:35:43,803 INFO  [org.wildfly.iiop.openjdk] (MSC service thread 1-7) WFLYIIOP0009: CORBA ORB Service started
2018-03-19 16:35:44,053 INFO  [org.jboss.as.patching] (MSC service thread 1-1) WFLYPAT0050: WildFly Full cumulative patch ID is: base, one-off patches include: none
2018-03-19 16:35:44,053 WARN  [org.jboss.as.domain.management.security] (MSC service thread 1-3) WFLYDM0111: Keystore C:\wildfly-11.0.0.Final\domain\configuration\application.keystore not found, it will be auto generated on first use with a self signed certificate for host localhost
2018-03-19 16:35:44,100 INFO  [org.wildfly.extension.messaging-activemq] (MSC service thread 1-8) WFLYMSGAMQ0001: AIO wasn't located on this platform, it will fall back to using pure Java NIO.
2018-03-19 16:35:44,162 INFO  [org.wildfly.extension.undertow] (MSC service thread 1-3) WFLYUT0006: Undertow HTTPS listener https listening on 127.0.0.1:8593
2018-03-19 16:35:44,319 INFO  [org.apache.activemq.artemis.core.server] (ServerService Thread Pool -- 66) AMQ221000: live Message Broker is starting with configuration Broker Configuration (clustered=false,journalDirectory=C:\wildfly-11.0.0.Final\domain\servers\server-two\data\activemq\journal,bindingsDirectory=C:\wildfly-11.0.0.Final\domain\servers\server-two\data\activemq\bindings,largeMessagesDirectory=C:\wildfly-11.0.0.Final\domain\servers\server-two\data\activemq\largemessages,pagingDirectory=C:\wildfly-11.0.0.Final\domain\servers\server-two\data\activemq\paging)
2018-03-19 16:35:44,350 INFO  [org.apache.activemq.artemis.core.server] (ServerService Thread Pool -- 66) AMQ221013: Using NIO Journal
2018-03-19 16:35:44,444 INFO  [org.apache.activemq.artemis.core.server] (ServerService Thread Pool -- 66) AMQ221043: Protocol module found: [artemis-server]. Adding protocol support for: CORE
2018-03-19 16:35:44,459 INFO  [org.apache.activemq.artemis.core.server] (ServerService Thread Pool -- 66) AMQ221043: Protocol module found: [artemis-amqp-protocol]. Adding protocol support for: AMQP
2018-03-19 16:35:44,459 INFO  [org.apache.activemq.artemis.core.server] (ServerService Thread Pool -- 66) AMQ221043: Protocol module found: [artemis-hornetq-protocol]. Adding protocol support for: HORNETQ
2018-03-19 16:35:44,459 INFO  [org.apache.activemq.artemis.core.server] (ServerService Thread Pool -- 66) AMQ221043: Protocol module found: [artemis-stomp-protocol]. Adding protocol support for: STOMP
2018-03-19 16:35:44,506 INFO  [org.jboss.ws.common.management] (MSC service thread 1-3) JBWS022052: Starting JBossWS 5.1.9.Final (Apache CXF 3.1.12) 
2018-03-19 16:35:46,226 INFO  [org.wildfly.extension.messaging-activemq] (MSC service thread 1-5) WFLYMSGAMQ0016: Registered HTTP upgrade for activemq-remoting protocol handled by http-acceptor acceptor
2018-03-19 16:35:46,226 INFO  [org.wildfly.extension.messaging-activemq] (MSC service thread 1-2) WFLYMSGAMQ0016: Registered HTTP upgrade for activemq-remoting protocol handled by http-acceptor-throughput acceptor
2018-03-19 16:35:46,226 INFO  [org.wildfly.extension.messaging-activemq] (MSC service thread 1-7) WFLYMSGAMQ0016: Registered HTTP upgrade for activemq-remoting protocol handled by http-acceptor acceptor
2018-03-19 16:35:46,226 INFO  [org.wildfly.extension.messaging-activemq] (MSC service thread 1-3) WFLYMSGAMQ0016: Registered HTTP upgrade for activemq-remoting protocol handled by http-acceptor-throughput acceptor
2018-03-19 16:35:46,304 INFO  [org.apache.activemq.artemis.core.server] (ServerService Thread Pool -- 66) AMQ221007: Server is now live
2018-03-19 16:35:46,304 INFO  [org.apache.activemq.artemis.core.server] (ServerService Thread Pool -- 66) AMQ221001: Apache ActiveMQ Artemis Message Broker version 1.5.5.jbossorg-008 [default, nodeID=203c466f-2ba1-11e8-aa77-a4db30b40db3] 
2018-03-19 16:35:46,319 INFO  [org.wildfly.extension.messaging-activemq] (ServerService Thread Pool -- 66) WFLYMSGAMQ0002: Bound messaging object to jndi name java:/ConnectionFactory
2018-03-19 16:35:46,366 INFO  [org.apache.activemq.artemis.core.server] (ServerService Thread Pool -- 68) AMQ221003: Deploying queue jms.queue.DLQ
2018-03-19 16:35:46,382 INFO  [org.apache.activemq.artemis.core.server] (ServerService Thread Pool -- 69) AMQ221003: Deploying queue jms.queue.ExpiryQueue
2018-03-19 16:35:46,382 INFO  [org.wildfly.extension.messaging-activemq] (ServerService Thread Pool -- 67) WFLYMSGAMQ0002: Bound messaging object to jndi name java:jboss/exported/jms/RemoteConnectionFactory
2018-03-19 16:35:46,397 INFO  [org.jboss.as.connector.deployment] (MSC service thread 1-1) WFLYJCA0007: Registered connection factory java:/JmsXA
2018-03-19 16:35:46,444 INFO  [org.apache.activemq.artemis.ra] (MSC service thread 1-1) Resource adaptor started
2018-03-19 16:35:46,444 INFO  [org.jboss.as.connector.services.resourceadapters.ResourceAdapterActivatorService$ResourceAdapterActivator] (MSC service thread 1-1) IJ020002: Deployed: file://RaActivatoractivemq-ra
2018-03-19 16:35:46,444 INFO  [org.wildfly.extension.messaging-activemq] (MSC service thread 1-1) WFLYMSGAMQ0002: Bound messaging object to jndi name java:jboss/DefaultJMSConnectionFactory
2018-03-19 16:35:46,444 INFO  [org.jboss.as.connector.deployment] (MSC service thread 1-4) WFLYJCA0002: Bound JCA ConnectionFactory [java:/JmsXA]
2018-03-19 16:35:46,569 INFO  [org.jboss.as.server] (Controller Boot Thread) WFLYSRV0212: Resuming server
2018-03-19 16:35:46,569 INFO  [org.jboss.as] (Controller Boot Thread) WFLYSRV0025: WildFly Full 11.0.0.Final (WildFly Core 3.0.8.Final) started in 12313ms - Started 314 of 579 services (360 services are lazy, passive or on-demand)
2018-03-19 16:42:46,640 INFO  [org.jboss.as.server] (main) WFLYSRV0240: ProcessController has signalled to shut down; shutting down
2018-03-19 16:42:46,718 INFO  [org.jboss.as.connector.subsystems.datasources] (MSC service thread 1-6) WFLYJCA0010: Unbound data source [java:jboss/datasources/ExampleDS]
2018-03-19 16:42:46,718 INFO  [org.wildfly.extension.messaging-activemq] (MSC service thread 1-4) WFLYMSGAMQ0006: Unbound messaging object to jndi name java:jboss/DefaultJMSConnectionFactory
2018-03-19 16:42:46,734 INFO  [org.jboss.as.connector.deployment] (MSC service thread 1-3) WFLYJCA0011: Unbound JCA ConnectionFactory [java:/JmsXA]
2018-03-19 16:42:46,749 INFO  [org.wildfly.extension.messaging-activemq] (ServerService Thread Pool -- 17) WFLYMSGAMQ0006: Unbound messaging object to jndi name java:jboss/exported/jms/RemoteConnectionFactory
2018-03-19 16:42:46,749 INFO  [org.wildfly.extension.messaging-activemq] (ServerService Thread Pool -- 27) WFLYMSGAMQ0006: Unbound messaging object to jndi name java:/ConnectionFactory
2018-03-19 16:42:46,765 INFO  [org.wildfly.extension.undertow] (MSC service thread 1-2) WFLYUT0008: Undertow HTTPS listener https suspending
2018-03-19 16:42:46,765 INFO  [org.wildfly.extension.undertow] (MSC service thread 1-2) WFLYUT0007: Undertow HTTPS listener https stopped, was bound to 127.0.0.1:8593
2018-03-19 16:42:46,765 INFO  [org.wildfly.extension.undertow] (MSC service thread 1-6) WFLYUT0019: Host default-host stopping
2018-03-19 16:42:46,765 INFO  [org.jboss.as.connector.deployers.jdbc] (MSC service thread 1-3) WFLYJCA0019: Stopped Driver service with driver-name = h2
2018-03-19 16:42:46,874 INFO  [org.apache.activemq.artemis.ra] (ServerService Thread Pool -- 72) AMQ151003: resource adaptor stopped
2018-03-19 16:42:47,156 INFO  [org.apache.activemq.artemis.core.server] (ServerService Thread Pool -- 72) AMQ221002: Apache ActiveMQ Artemis Message Broker version 1.5.5.jbossorg-008 [203c466f-2ba1-11e8-aa77-a4db30b40db3] stopped, uptime 7 minutes
2018-03-19 16:42:47,171 INFO  [org.wildfly.extension.undertow] (MSC service thread 1-8) WFLYUT0008: Undertow HTTP listener default suspending
2018-03-19 16:42:47,171 INFO  [org.wildfly.extension.undertow] (MSC service thread 1-8) WFLYUT0007: Undertow HTTP listener default stopped, was bound to 127.0.0.1:8230
2018-03-19 16:42:47,171 INFO  [org.wildfly.extension.undertow] (MSC service thread 1-8) WFLYUT0004: Undertow 1.4.18.Final stopping
2018-03-19 16:42:47,218 INFO  [org.jboss.as] (MSC service thread 1-7) WFLYSRV0050: WildFly Full 11.0.0.Final (WildFly Core 3.0.8.Final) stopped in 486ms
